Error[108]   C:\LRT6\LRT6_20\IFI_DEFAULT.H 1 : Illegal character (/)
Error[108]   C:\LRT6\LRT6_20\IFI_DEFAULT.H 2 : Illegal character (*)
Error[108]   C:\LRT6\LRT6_20\IFI_DEFAULT.H 3 : Illegal character (*)
Error[108]   C:\LRT6\LRT6_20\IFI_DEFAULT.H 4 : Illegal character (*)
Error[108]   C:\LRT6\LRT6_20\IFI_DEFAULT.H 5 : Illegal character (*)
Error[108]   C:\LRT6\LRT6_20\IFI_DEFAULT.H 6 : Illegal character (*)
Error[108]   C:\LRT6\LRT6_20\IFI_DEFAULT.H 7 : Illegal character (*)
Error[108]   C:\LRT6\LRT6_20\IFI_DEFAULT.H 8 : Illegal character (*)
Error[105]   C:\LRT6\LRT6_20\IFI_DEFAULT.H 13 : Cannot open file (Include File "p18cxxx.h" not found)
Error[108]   C:\LRT6\LRT6_20\IFI_DEFAULT.H 18 : Illegal character (/)
Warning[207] C:\LRT6\LRT6_20\IFI_DEFAULT.H 19 : Found label after column 1. (ALIAS)
Error[122]   C:\LRT6\LRT6_20\IFI_DEFAULT.H 19 : Illegal opcode (DEFINITIONS)
Error[108]   C:\LRT6\LRT6_20\IFI_DEFAULT.H 20 : Illegal character (*)
Error[108]   C:\LRT6\LRT6_20\IFI_DEFAULT.H 21 : Illegal character (/)
Error[108]   C:\LRT6\LRT6_20\IFI_DEFAULT.H 41 : Illegal character (/)
Error[108]   C:\LRT6\LRT6_20\IFI_DEFAULT.H 43 : Illegal character (*)
Error[108]   C:\LRT6\LRT6_20\IFI_DEFAULT.H 44 : Illegal character (/)
Error[108]   C:\LRT6\LRT6_20\IFI_DEFAULT.H 45 : Illegal character (/)
Error[122]   C:\LRT6\LRT6_20\IFI_DEFAULT.H 46 : Illegal opcode (struct)
Error[108]   C:\LRT6\LRT6_20\IFI_DEFAULT.H 47 : Illegal character ({)
Warning[207] C:\LRT6\LRT6_20\IFI_DEFAULT.H 48 : Found label after column 1. (unsigned)
Error[122]   C:\LRT6\LRT6_20\IFI_DEFAULT.H 48 : Illegal opcode (int)
Warning[207] C:\LRT6\LRT6_20\IFI_DEFAULT.H 49 : Found label after column 1. (unsigned)
Error[122]   C:\LRT6\LRT6_20\IFI_DEFAULT.H 49 : Illegal opcode (int)
Warning[207] C:\LRT6\LRT6_20\IFI_DEFAULT.H 50 : Found label after column 1. (unsigned)
Error[122]   C:\LRT6\LRT6_20\IFI_DEFAULT.H 50 : Illegal opcode (int)
Warning[207] C:\LRT6\LRT6_20\IFI_DEFAULT.H 51 : Found label after column 1. (unsigned)
Error[122]   C:\LRT6\LRT6_20\IFI_DEFAULT.H 51 : Illegal opcode (int)
Error[108]   C:\LRT6\LRT6_20\IFI_DEFAULT.H 52 : Illegal character (})
Error[108]   C:\LRT6\LRT6_20\IFI_DEFAULT.H 54 : Illegal character (/)
Error[108]   C:\LRT6\LRT6_20\IFI_DEFAULT.H 55 : Illegal character (/)
Error[108]   C:\LRT6\LRT6_20\IFI_DEFAULT.H 56 : Illegal character (/)
Error[122]   C:\LRT6\LRT6_20\IFI_DEFAULT.H 57 : Illegal opcode (struct)
Error[108]   C:\LRT6\LRT6_20\IFI_DEFAULT.H 58 : Illegal character ({)
Warning[207] C:\LRT6\LRT6_20\IFI_DEFAULT.H 59 : Found label after column 1. (unsigned)
Error[122]   C:\LRT6\LRT6_20\IFI_DEFAULT.H 59 : Illegal opcode (int)
Warning[207] C:\LRT6\LRT6_20\IFI_DEFAULT.H 60 : Found label after column 1. (unsigned)
Error[122]   C:\LRT6\LRT6_20\IFI_DEFAULT.H 60 : Illegal opcode (int)
Warning[207] C:\LRT6\LRT6_20\IFI_DEFAULT.H 61 : Found label after column 1. (unsigned)
Error[122]   C:\LRT6\LRT6_20\IFI_DEFAULT.H 61 : Illegal opcode (int)
Warning[207] C:\LRT6\LRT6_20\IFI_DEFAULT.H 62 : Found label after column 1. (unsigned)
Error[122]   C:\LRT6\LRT6_20\IFI_DEFAULT.H 62 : Illegal opcode (int)
Warning[207] C:\LRT6\LRT6_20\IFI_DEFAULT.H 63 : Found label after column 1. (unsigned)
Error[122]   C:\LRT6\LRT6_20\IFI_DEFAULT.H 63 : Illegal opcode (int)
Warning[207] C:\LRT6\LRT6_20\IFI_DEFAULT.H 64 : Found label after column 1. (unsigned)
Error[122]   C:\LRT6\LRT6_20\IFI_DEFAULT.H 64 : Illegal opcode (int)
Warning[207] C:\LRT6\LRT6_20\IFI_DEFAULT.H 65 : Found label after column 1. (unsigned)
Error[122]   C:\LRT6\LRT6_20\IFI_DEFAULT.H 65 : Illegal opcode (int)
Warning[207] C:\LRT6\LRT6_20\IFI_DEFAULT.H 66 : Found label after column 1. (unsigned)
Error[122]   C:\LRT6\LRT6_20\IFI_DEFAULT.H 66 : Illegal opcode (int)
Error[108]   C:\LRT6\LRT6_20\IFI_DEFAULT.H 67 : Illegal character (})
Error[108]   C:\LRT6\LRT6_20\IFI_DEFAULT.H 69 : Illegal character (/)
Error[108]   C:\LRT6\LRT6_20\IFI_DEFAULT.H 70 : Illegal character (/)
Error[108]   C:\LRT6\LRT6_20\IFI_DEFAULT.H 71 : Illegal character (/)
Error[108]   C:\LRT6\LRT6_20\IFI_DEFAULT.H 72 : Illegal character (*)
Error[122]   C:\LRT6\LRT6_20\IFI_DEFAULT.H 73 : Illegal opcode (struct)
Warning[207] C:\LRT6\LRT6_20\IFI_DEFAULT.H 74 : Found label after column 1. (unsigned)
Error[122]   C:\LRT6\LRT6_20\IFI_DEFAULT.H 74 : Illegal opcode (char)
Warning[207] C:\LRT6\LRT6_20\IFI_DEFAULT.H 75 : Found label after column 1. (union)
Error[150]   C:\LRT6\LRT6_20\IFI_DEFAULT.H 75 : Labels must be defined in a code or data section when making an object file
Error[108]   C:\LRT6\LRT6_20\IFI_DEFAULT.H 76 : Illegal character ({)
Warning[207] C:\LRT6\LRT6_20\IFI_DEFAULT.H 77 : Found label after column 1. (bitid)
Error[122]   C:\LRT6\LRT6_20\IFI_DEFAULT.H 77 : Illegal opcode (bitselect)
Warning[207] C:\LRT6\LRT6_20\IFI_DEFAULT.H 78 : Found label after column 1. (modebits)
Error[122]   C:\LRT6\LRT6_20\IFI_DEFAULT.H 78 : Illegal opcode (mode)
Warning[207] C:\LRT6\LRT6_20\IFI_DEFAULT.H 79 : Found label after column 1. (unsigned)
Error[122]   C:\LRT6\LRT6_20\IFI_DEFAULT.H 79 : Illegal opcode (char)
Error[108]   C:\LRT6\LRT6_20\IFI_DEFAULT.H 80 : Illegal character (})
Warning[207] C:\LRT6\LRT6_20\IFI_DEFAULT.H 81 : Found label after column 1. (union)
Error[150]   C:\LRT6\LRT6_20\IFI_DEFAULT.H 81 : Labels must be defined in a code or data section when making an object file
Error[108]   C:\LRT6\LRT6_20\IFI_DEFAULT.H 82 : Illegal character ({)
Warning[207] C:\LRT6\LRT6_20\IFI_DEFAULT.H 83 : Found label after column 1. (bitid)
Error[122]   C:\LRT6\LRT6_20\IFI_DEFAULT.H 83 : Illegal opcode (bitselect)
Warning[207] C:\LRT6\LRT6_20\IFI_DEFAULT.H 84 : Found label after column 1. (unsigned)
Error[122]   C:\LRT6\LRT6_20\IFI_DEFAULT.H 84 : Illegal opcode (char)
Error[108]   C:\LRT6\LRT6_20\IFI_DEFAULT.H 85 : Illegal character (})
Warning[207] C:\LRT6\LRT6_20\IFI_DEFAULT.H 86 : Found label after column 1. (union)
Error[150]   C:\LRT6\LRT6_20\IFI_DEFAULT.H 86 : Labels must be defined in a code or data section when making an object file
Error[108]   C:\LRT6\LRT6_20\IFI_DEFAULT.H 87 : Illegal character ({)
Warning[207] C:\LRT6\LRT6_20\IFI_DEFAULT.H 88 : Found label after column 1. (bitid)
Error[122]   C:\LRT6\LRT6_20\IFI_DEFAULT.H 88 : Illegal opcode (bitselect)
Warning[207] C:\LRT6\LRT6_20\IFI_DEFAULT.H 89 : Found label after column 1. (unsigned)
Error[122]   C:\LRT6\LRT6_20\IFI_DEFAULT.H 89 : Illegal opcode (char)
Error[108]   C:\LRT6\LRT6_20\IFI_DEFAULT.H 90 : Illegal character (})
Warning[207] C:\LRT6\LRT6_20\IFI_DEFAULT.H 91 : Found label after column 1. (union)
Error[150]   C:\LRT6\LRT6_20\IFI_DEFAULT.H 91 : Labels must be defined in a code or data section when making an object file
Error[108]   C:\LRT6\LRT6_20\IFI_DEFAULT.H 92 : Illegal character ({)
Warning[207] C:\LRT6\LRT6_20\IFI_DEFAULT.H 93 : Found label after column 1. (bitid)
Error[122]   C:\LRT6\LRT6_20\IFI_DEFAULT.H 93 : Illegal opcode (bitselect)
Warning[207] C:\LRT6\LRT6_20\IFI_DEFAULT.H 94 : Found label after column 1. (unsigned)
Error[122]   C:\LRT6\LRT6_20\IFI_DEFAULT.H 94 : Illegal opcode (char)
Error[108]   C:\LRT6\LRT6_20\IFI_DEFAULT.H 95 : Illegal character (})
Warning[207] C:\LRT6\LRT6_20\IFI_DEFAULT.H 96 : Found label after column 1. (union)
Error[150]   C:\LRT6\LRT6_20\IFI_DEFAULT.H 96 : Labels must be defined in a code or data section when making an object file
Error[108]   C:\LRT6\LRT6_20\IFI_DEFAULT.H 97 : Illegal character ({)
Warning[207] C:\LRT6\LRT6_20\IFI_DEFAULT.H 98 : Found label after column 1. (bitid)
Error[122]   C:\LRT6\LRT6_20\IFI_DEFAULT.H 98 : Illegal opcode (bitselect)
Warning[207] C:\LRT6\LRT6_20\IFI_DEFAULT.H 99 : Found label after column 1. (unsigned)
Error[122]   C:\LRT6\LRT6_20\IFI_DEFAULT.H 99 : Illegal opcode (char)
Error[108]   C:\LRT6\LRT6_20\IFI_DEFAULT.H 100 : Illegal character (})
Warning[207] C:\LRT6\LRT6_20\IFI_DEFAULT.H 101 : Found label after column 1. (unsigned)
Error[122]   C:\LRT6\LRT6_20\IFI_DEFAULT.H 101 : Illegal opcode (char)
Warning[207] C:\LRT6\LRT6_20\IFI_DEFAULT.H 102 : Found label after column 1. (unsigned)
Error[122]   C:\LRT6\LRT6_20\IFI_DEFAULT.H 102 : Illegal opcode (char)
Warning[207] C:\LRT6\LRT6_20\IFI_DEFAULT.H 103 : Found label after column 1. (unsigned)
Error[122]   C:\LRT6\LRT6_20\IFI_DEFAULT.H 103 : Illegal opcode (char)
Warning[207] C:\LRT6\LRT6_20\IFI_DEFAULT.H 104 : Found label after column 1. (unsigned)
Error[122]   C:\LRT6\LRT6_20\IFI_DEFAULT.H 104 : Illegal opcode (char)
Warning[207] C:\LRT6\LRT6_20\IFI_DEFAULT.H 105 : Found label after column 1. (unsigned)
Error[122]   C:\LRT6\LRT6_20\IFI_DEFAULT.H 105 : Illegal opcode (char)
Warning[207] C:\LRT6\LRT6_20\IFI_DEFAULT.H 106 : Found label after column 1. (unsigned)
Error[122]   C:\LRT6\LRT6_20\IFI_DEFAULT.H 106 : Illegal opcode (char)
Error[108]   C:\LRT6\LRT6_20\IFI_DEFAULT.H 107 : Illegal character (})
Error[122]   C:\LRT6\LRT6_20\IFI_DEFAULT.H 109 : Illegal opcode (rx_data_record)
Error[108]   C:\LRT6\LRT6_20\IFI_DEFAULT.H 111 : Illegal character (/)
Error[108]   C:\LRT6\LRT6_20\IFI_DEFAULT.H 112 : Illegal character (/)
Error[108]   C:\LRT6\LRT6_20\IFI_DEFAULT.H 113 : Illegal character (/)
Error[108]   C:\LRT6\LRT6_20\IFI_DEFAULT.H 114 : Illegal character (*)
Error[122]   C:\LRT6\LRT6_20\IFI_DEFAULT.H 115 : Illegal opcode (struct)
Warning[207] C:\LRT6\LRT6_20\IFI_DEFAULT.H 116 : Found label after column 1. (union)
Error[150]   C:\LRT6\LRT6_20\IFI_DEFAULT.H 116 : Labels must be defined in a code or data section when making an object file
Error[108]   C:\LRT6\LRT6_20\IFI_DEFAULT.H 117 : Illegal character ({)
Warning[207] C:\LRT6\LRT6_20\IFI_DEFAULT.H 118 : Found label after column 1. (bitid)
Error[122]   C:\LRT6\LRT6_20\IFI_DEFAULT.H 118 : Illegal opcode (bitselect)
Warning[207] C:\LRT6\LRT6_20\IFI_DEFAULT.H 119 : Found label after column 1. (unsigned)
Error[122]   C:\LRT6\LRT6_20\IFI_DEFAULT.H 119 : Illegal opcode (char)
Error[108]   C:\LRT6\LRT6_20\IFI_DEFAULT.H 120 : Illegal character (})
Warning[207] C:\LRT6\LRT6_20\IFI_DEFAULT.H 121 : Found label after column 1. (union)
Error[150]   C:\LRT6\LRT6_20\IFI_DEFAULT.H 121 : Labels must be defined in a code or data section when making an object file
Error[108]   C:\LRT6\LRT6_20\IFI_DEFAULT.H 122 : Illegal character ({)
Warning[207] C:\LRT6\LRT6_20\IFI_DEFAULT.H 123 : Found label after column 1. (bitid)
Error[122]   C:\LRT6\LRT6_20\IFI_DEFAULT.H 123 : Illegal opcode (bitselect)
Warning[207] C:\LRT6\LRT6_20\IFI_DEFAULT.H 124 : Found label after column 1. (unsigned)
Error[122]   C:\LRT6\LRT6_20\IFI_DEFAULT.H 124 : Illegal opcode (char)
Error[108]   C:\LRT6\LRT6_20\IFI_DEFAULT.H 125 : Illegal character (})
Warning[207] C:\LRT6\LRT6_20\IFI_DEFAULT.H 126 : Found label after column 1. (union)
Error[150]   C:\LRT6\LRT6_20\IFI_DEFAULT.H 126 : Labels must be defined in a code or data section when making an object file
Error[108]   C:\LRT6\LRT6_20\IFI_DEFAULT.H 127 : Illegal character ({)
Warning[207] C:\LRT6\LRT6_20\IFI_DEFAULT.H 128 : Found label after column 1. (bitid)
Error[122]   C:\LRT6\LRT6_20\IFI_DEFAULT.H 128 : Illegal opcode (bitselect)
Warning[207] C:\LRT6\LRT6_20\IFI_DEFAULT.H 129 : Found label after column 1. (unsigned)
Error[122]   C:\LRT6\LRT6_20\IFI_DEFAULT.H 129 : Illegal opcode (char)
Error[108]   C:\LRT6\LRT6_20\IFI_DEFAULT.H 130 : Illegal character (})
Warning[207] C:\LRT6\LRT6_20\IFI_DEFAULT.H 131 : Found label after column 1. (union)
Error[150]   C:\LRT6\LRT6_20\IFI_DEFAULT.H 131 : Labels must be defined in a code or data section when making an object file
Error[108]   C:\LRT6\LRT6_20\IFI_DEFAULT.H 132 : Illegal character ({)
Warning[207] C:\LRT6\LRT6_20\IFI_DEFAULT.H 133 : Found label after column 1. (bitid)
Error[122]   C:\LRT6\LRT6_20\IFI_DEFAULT.H 133 : Illegal opcode (bitselect)
Warning[207] C:\LRT6\LRT6_20\IFI_DEFAULT.H 134 : Found label after column 1. (unsigned)
Error[122]   C:\LRT6\LRT6_20\IFI_DEFAULT.H 134 : Illegal opcode (char)
Error[108]   C:\LRT6\LRT6_20\IFI_DEFAULT.H 135 : Illegal character (})
Warning[207] C:\LRT6\LRT6_20\IFI_DEFAULT.H 136 : Found label after column 1. (unsigned)
Error[122]   C:\LRT6\LRT6_20\IFI_DEFAULT.H 136 : Illegal opcode (char)
Warning[207] C:\LRT6\LRT6_20\IFI_DEFAULT.H 137 : Found label after column 1. (unsigned)
Error[122]   C:\LRT6\LRT6_20\IFI_DEFAULT.H 137 : Illegal opcode (char)
Warning[207] C:\LRT6\LRT6_20\IFI_DEFAULT.H 138 : Found label after column 1. (unsigned)
Error[122]   C:\LRT6\LRT6_20\IFI_DEFAULT.H 138 : Illegal opcode (char)
Warning[207] C:\LRT6\LRT6_20\IFI_DEFAULT.H 139 : Found label after column 1. (unsigned)
Error[122]   C:\LRT6\LRT6_20\IFI_DEFAULT.H 139 : Illegal opcode (char)
Warning[207] C:\LRT6\LRT6_20\IFI_DEFAULT.H 141 : Found label after column 1. (unsigned)
Error[122]   C:\LRT6\LRT6_20\IFI_DEFAULT.H 141 : Illegal opcode (char)
Warning[207] C:\LRT6\LRT6_20\IFI_DEFAULT.H 142 : Found label after column 1. (unsigned)
Error[122]   C:\LRT6\LRT6_20\IFI_DEFAULT.H 142 : Illegal opcode (char)
Warning[207] C:\LRT6\LRT6_20\IFI_DEFAULT.H 143 : Found label after column 1. (unsigned)
Error[122]   C:\LRT6\LRT6_20\IFI_DEFAULT.H 143 : Illegal opcode (char)
Warning[207] C:\LRT6\LRT6_20\IFI_DEFAULT.H 144 : Found label after column 1. (unsigned)
Error[122]   C:\LRT6\LRT6_20\IFI_DEFAULT.H 144 : Illegal opcode (char)
Warning[207] C:\LRT6\LRT6_20\IFI_DEFAULT.H 145 : Found label after column 1. (unsigned)
Error[122]   C:\LRT6\LRT6_20\IFI_DEFAULT.H 145 : Illegal opcode (char)
Warning[207] C:\LRT6\LRT6_20\IFI_DEFAULT.H 146 : Found label after column 1. (unsigned)
Error[122]   C:\LRT6\LRT6_20\IFI_DEFAULT.H 146 : Illegal opcode (char)
Warning[207] C:\LRT6\LRT6_20\IFI_DEFAULT.H 147 : Found label after column 1. (unsigned)
Error[122]   C:\LRT6\LRT6_20\IFI_DEFAULT.H 147 : Illegal opcode (char)
Warning[207] C:\LRT6\LRT6_20\IFI_DEFAULT.H 148 : Found label after column 1. (unsigned)
Error[122]   C:\LRT6\LRT6_20\IFI_DEFAULT.H 148 : Illegal opcode (char)
Warning[207] C:\LRT6\LRT6_20\IFI_DEFAULT.H 149 : Found label after column 1. (unsigned)
Error[122]   C:\LRT6\LRT6_20\IFI_DEFAULT.H 149 : Illegal opcode (char)
Warning[207] C:\LRT6\LRT6_20\IFI_DEFAULT.H 150 : Found label after column 1. (unsigned)
Error[122]   C:\LRT6\LRT6_20\IFI_DEFAULT.H 150 : Illegal opcode (char)
Warning[207] C:\LRT6\LRT6_20\IFI_DEFAULT.H 151 : Found label after column 1. (unsigned)
Error[122]   C:\LRT6\LRT6_20\IFI_DEFAULT.H 151 : Illegal opcode (char)
Warning[207] C:\LRT6\LRT6_20\IFI_DEFAULT.H 152 : Found label after column 1. (unsigned)
Error[122]   C:\LRT6\LRT6_20\IFI_DEFAULT.H 152 : Illegal opcode (char)
Error[108]   C:\LRT6\LRT6_20\IFI_DEFAULT.H 153 : Illegal character (})
Error[122]   C:\LRT6\LRT6_20\IFI_DEFAULT.H 155 : Illegal opcode (tx_data_record)
Error[108]   C:\LRT6\LRT6_20\IFI_DEFAULT.H 158 : Illegal character (/)
Error[108]   C:\LRT6\LRT6_20\IFI_DEFAULT.H 159 : Illegal character (/)
Error[108]   C:\LRT6\LRT6_20\IFI_DEFAULT.H 160 : Illegal character (/)
Error[122]   C:\LRT6\LRT6_20\IFI_DEFAULT.H 162 : Illegal opcode (struct)
Error[108]   C:\LRT6\LRT6_20\IFI_DEFAULT.H 163 : Illegal character ({)
Warning[207] C:\LRT6\LRT6_20\IFI_DEFAULT.H 164 : Found label after column 1. (unsigned)
Error[122]   C:\LRT6\LRT6_20\IFI_DEFAULT.H 164 : Illegal opcode (int)
Warning[207] C:\LRT6\LRT6_20\IFI_DEFAULT.H 165 : Found label after column 1. (unsigned)
Error[122]   C:\LRT6\LRT6_20\IFI_DEFAULT.H 165 : Illegal opcode (int)
Warning[207] C:\LRT6\LRT6_20\IFI_DEFAULT.H 166 : Found label after column 1. (unsigned)
Error[122]   C:\LRT6\LRT6_20\IFI_DEFAULT.H 166 : Illegal opcode (int)
Warning[207] C:\LRT6\LRT6_20\IFI_DEFAULT.H 167 : Found label after column 1. (unsigned)
Error[122]   C:\LRT6\LRT6_20\IFI_DEFAULT.H 167 : Illegal opcode (int)
Warning[207] C:\LRT6\LRT6_20\IFI_DEFAULT.H 168 : Found label after column 1. (unsigned)
Error[122]   C:\LRT6\LRT6_20\IFI_DEFAULT.H 168 : Illegal opcode (int)
Warning[207] C:\LRT6\LRT6_20\IFI_DEFAULT.H 169 : Found label after column 1. (unsigned)
Error[122]   C:\LRT6\LRT6_20\IFI_DEFAULT.H 169 : Illegal opcode (int)
Warning[207] C:\LRT6\LRT6_20\IFI_DEFAULT.H 170 : Found label after column 1. (unsigned)
Error[122]   C:\LRT6\LRT6_20\IFI_DEFAULT.H 170 : Illegal opcode (int)
Error[108]   C:\LRT6\LRT6_20\IFI_DEFAULT.H 171 : Illegal character (})
Error[108]   C:\LRT6\LRT6_20\IFI_DEFAULT.H 173 : Illegal character (/)
Warning[205] C:\LRT6\LRT6_20\IFI_DEFAULT.H 175 : Found directive in column 1. (extern)
Error[121]   C:\LRT6\LRT6_20\IFI_DEFAULT.H 175 : Illegal label (tx_data_record txdata)
Warning[205] C:\LRT6\LRT6_20\IFI_DEFAULT.H 176 : Found directive in column 1. (extern)
Error[121]   C:\LRT6\LRT6_20\IFI_DEFAULT.H 176 : Illegal label (rx_data_record rxdata)
Warning[205] C:\LRT6\LRT6_20\IFI_DEFAULT.H 177 : Found directive in column 1. (extern)
Error[121]   C:\LRT6\LRT6_20\IFI_DEFAULT.H 177 : Illegal label (packed_struct statusflag)
Error[108]   C:\LRT6\LRT6_20\IFI_DEFAULT.H 183 : Illegal character (/)
Warning[207] C:\LRT6\LRT6_20\IFI_DEFAULT.H 184 : Found label after column 1. (FUNCTION)
Error[122]   C:\LRT6\LRT6_20\IFI_DEFAULT.H 184 : Illegal opcode (PROTOTYPES)
Error[108]   C:\LRT6\LRT6_20\IFI_DEFAULT.H 185 : Illegal character (*)
Error[108]   C:\LRT6\LRT6_20\IFI_DEFAULT.H 187 : Illegal character (/)
Error[108]   C:\LRT6\LRT6_20\IFI_DEFAULT.H 188 : Illegal character (/)
Error[108]   C:\LRT6\LRT6_20\IFI_DEFAULT.H 189 : Illegal character (*)
Error[108]   C:\LRT6\LRT6_20\IFI_DEFAULT.H 190 : Illegal character (*)
Error[108]   C:\LRT6\LRT6_20\IFI_DEFAULT.H 191 : Illegal character (*)
Error[108]   C:\LRT6\LRT6_20\IFI_DEFAULT.H 192 : Illegal character (*)
Error[108]   C:\LRT6\LRT6_20\IFI_DEFAULT.H 193 : Illegal character (*)
Error[108]   C:\LRT6\LRT6_20\IFI_DEFAULT.H 194 : Illegal character (*)
Error[122]   C:\LRT6\LRT6_20\IFI_DEFAULT.H 195 : Illegal opcode (InterruptHandlerHigh)
Error[122]   C:\LRT6\LRT6_20\IFI_DEFAULT.H 197 : Illegal opcode (Initialize_Registers)
Error[108]   C:\LRT6\LRT6_20\IFI_DEFAULT.H 198 : Illegal character (/)
Error[108]   C:\LRT6\LRT6_20\IFI_DEFAULT.H 199 : Illegal character (*)
Error[108]   C:\LRT6\LRT6_20\IFI_DEFAULT.H 200 : Illegal character (*)
Error[108]   C:\LRT6\LRT6_20\IFI_DEFAULT.H 201 : Illegal character (*)
Error[108]   C:\LRT6\LRT6_20\IFI_DEFAULT.H 202 : Illegal character (*)
Error[108]   C:\LRT6\LRT6_20\IFI_DEFAULT.H 203 : Illegal character (*)
Error[108]   C:\LRT6\LRT6_20\IFI_DEFAULT.H 204 : Illegal character (*)
Error[122]   C:\LRT6\LRT6_20\IFI_DEFAULT.H 205 : Illegal opcode (IFI_Initialization)
Error[108]   C:\LRT6\LRT6_20\IFI_DEFAULT.H 207 : Illegal character (/)
Error[108]   C:\LRT6\LRT6_20\IFI_DEFAULT.H 208 : Illegal character (*)
Error[108]   C:\LRT6\LRT6_20\IFI_DEFAULT.H 209 : Illegal character (*)
Error[108]   C:\LRT6\LRT6_20\IFI_DEFAULT.H 210 : Illegal character (*)
Error[108]   C:\LRT6\LRT6_20\IFI_DEFAULT.H 211 : Illegal character (*)
Error[108]   C:\LRT6\LRT6_20\IFI_DEFAULT.H 212 : Illegal character (*)
Error[108]   C:\LRT6\LRT6_20\IFI_DEFAULT.H 213 : Illegal character (*)
Error[108]   C:\LRT6\LRT6_20\IFI_DEFAULT.H 214 : Illegal character (*)
Error[108]   C:\LRT6\LRT6_20\IFI_DEFAULT.H 215 : Illegal character (*)
Error[122]   C:\LRT6\LRT6_20\IFI_DEFAULT.H 216 : Illegal opcode (User_Proc_Is_Ready)
Error[108]   C:\LRT6\LRT6_20\IFI_DEFAULT.H 218 : Illegal character (/)
Error[108]   C:\LRT6\LRT6_20\IFI_DEFAULT.H 219 : Illegal character (*)
Error[108]   C:\LRT6\LRT6_20\IFI_DEFAULT.H 220 : Illegal character (*)
Error[108]   C:\LRT6\LRT6_20\IFI_DEFAULT.H 221 : Illegal character (*)
Error[108]   C:\LRT6\LRT6_20\IFI_DEFAULT.H 222 : Illegal character (*)
Error[108]   C:\LRT6\LRT6_20\IFI_DEFAULT.H 223 : Illegal character (*)
Error[108]   C:\LRT6\LRT6_20\IFI_DEFAULT.H 224 : Illegal character (*)
Error[108]   C:\LRT6\LRT6_20\IFI_DEFAULT.H 225 : Illegal character (*)
Error[108]   C:\LRT6\LRT6_20\IFI_DEFAULT.H 226 : Illegal character (*)
Error[108]   C:\LRT6\LRT6_20\IFI_DEFAULT.H 227 : Illegal character (*)
Error[108]   C:\LRT6\LRT6_20\IFI_DEFAULT.H 228 : Illegal character (*)
Error[122]   C:\LRT6\LRT6_20\IFI_DEFAULT.H 229 : Illegal opcode (Putdata)
Error[108]   C:\LRT6\LRT6_20\IFI_DEFAULT.H 231 : Illegal character (/)
Error[108]   C:\LRT6\LRT6_20\IFI_DEFAULT.H 232 : Illegal character (*)
Error[108]   C:\LRT6\LRT6_20\IFI_DEFAULT.H 233 : Illegal character (*)
Error[108]   C:\LRT6\LRT6_20\IFI_DEFAULT.H 234 : Illegal character (*)
Error[108]   C:\LRT6\LRT6_20\IFI_DEFAULT.H 235 : Illegal character (*)
Error[108]   C:\LRT6\LRT6_20\IFI_DEFAULT.H 236 : Illegal character (*)
Error[108]   C:\LRT6\LRT6_20\IFI_DEFAULT.H 237 : Illegal character (*)
Error[108]   C:\LRT6\LRT6_20\IFI_DEFAULT.H 238 : Illegal character (*)
Error[108]   C:\LRT6\LRT6_20\IFI_DEFAULT.H 239 : Illegal character (*)
Error[108]   C:\LRT6\LRT6_20\IFI_DEFAULT.H 240 : Illegal character (*)
Error[108]   C:\LRT6\LRT6_20\IFI_DEFAULT.H 241 : Illegal character (*)
Error[122]   C:\LRT6\LRT6_20\IFI_DEFAULT.H 242 : Illegal opcode (Getdata)
Error[108]   C:\LRT6\LRT6_20\IFI_DEFAULT.H 244 : Illegal character (/)
Error[108]   C:\LRT6\LRT6_20\IFI_DEFAULT.H 245 : Illegal character (*)
Error[108]   C:\LRT6\LRT6_20\IFI_DEFAULT.H 246 : Illegal character (*)
Error[108]   C:\LRT6\LRT6_20\IFI_DEFAULT.H 247 : Illegal character (*)
Error[108]   C:\LRT6\LRT6_20\IFI_DEFAULT.H 248 : Illegal character (*)
Error[108]   C:\LRT6\LRT6_20\IFI_DEFAULT.H 249 : Illegal character (*)
Error[108]   C:\LRT6\LRT6_20\IFI_DEFAULT.H 250 : Illegal character (*)
Error[108]   C:\LRT6\LRT6_20\IFI_DEFAULT.H 251 : Illegal character (*)
Error[108]   C:\LRT6\LRT6_20\IFI_DEFAULT.H 252 : Illegal character (*)
Error[108]   C:\LRT6\LRT6_20\IFI_DEFAULT.H 253 : Illegal character (*)
Error[108]   C:\LRT6\LRT6_20\IFI_DEFAULT.H 254 : Illegal character (*)
Error[108]   C:\LRT6\LRT6_20\IFI_DEFAULT.H 255 : Illegal character (*)
Error[108]   C:\LRT6\LRT6_20\IFI_DEFAULT.H 256 : Illegal character (*)
Error[122]   C:\LRT6\LRT6_20\IFI_DEFAULT.H 257 : Illegal opcode (Setup_PWM_Output_Type)
Error[108]   C:\LRT6\LRT6_20\IFI_DEFAULT.H 261 : Illegal character (/)
Error[108]   C:\LRT6\LRT6_20\IFI_DEFAULT.H 262 : Illegal character (/)
Error[108]   C:\LRT6\LRT6_20\IFI_DEFAULT.H 263 : Illegal character (/)
Error[108]   C:\LRT6\LRT6_20\IFI_ALIASES.H 1 : Illegal character (/)
Error[108]   C:\LRT6\LRT6_20\IFI_ALIASES.H 2 : Illegal character (*)
Error[108]   C:\LRT6\LRT6_20\IFI_ALIASES.H 3 : Illegal character (*)
Error[108]   C:\LRT6\LRT6_20\IFI_ALIASES.H 4 : Illegal character (*)
Error[108]   C:\LRT6\LRT6_20\IFI_ALIASES.H 5 : Illegal character (*)
Error[108]   C:\LRT6\LRT6_20\IFI_ALIASES.H 6 : Illegal character (*)
Error[108]   C:\LRT6\LRT6_20\IFI_ALIASES.H 7 : Illegal character (*)
Error[108]   C:\LRT6\LRT6_20\IFI_ALIASES.H 8 : Illegal character (*)
Error[108]   C:\LRT6\LRT6_20\IFI_ALIASES.H 9 : Illegal character (*)
Error[108]   C:\LRT6\LRT6_20\IFI_ALIASES.H 10 : Illegal character (*)
Error[108]   C:\LRT6\LRT6_20\IFI_ALIASES.H 11 : Illegal character (*)
Error[108]   C:\LRT6\LRT6_20\IFI_ALIASES.H 12 : Illegal character (*)
Error[108]   C:\LRT6\LRT6_20\IFI_ALIASES.H 13 : Illegal character (*)
Error[105]   C:\LRT6\LRT6_20\IFI_ALIASES.H 18 : Cannot open file (Include File "adc.h" not found)
Error[108]   C:\LRT6\LRT6_20\IFI_ALIASES.H 20 : Illegal character (/)
Error[108]   C:\LRT6\LRT6_20\IFI_ALIASES.H 24 : Illegal character (/)
Error[108]   C:\LRT6\LRT6_20\IFI_ALIASES.H 25 : Illegal character (*)
Error[108]   C:\LRT6\LRT6_20\IFI_ALIASES.H 26 : Illegal character (*)
Error[108]   C:\LRT6\LRT6_20\IFI_ALIASES.H 27 : Illegal character (*)
Error[108]   C:\LRT6\LRT6_20\IFI_ALIASES.H 28 : Illegal character (*)
Error[108]   C:\LRT6\LRT6_20\IFI_ALIASES.H 29 : Illegal character (*)
Error[108]   C:\LRT6\LRT6_20\IFI_ALIASES.H 47 : Illegal character (/)
Error[108]   C:\LRT6\LRT6_20\IFI_ALIASES.H 48 : Illegal character (*)
Error[108]   C:\LRT6\LRT6_20\IFI_ALIASES.H 49 : Illegal character (*)
Error[108]   C:\LRT6\LRT6_20\IFI_ALIASES.H 50 : Illegal character (*)
Error[108]   C:\LRT6\LRT6_20\IFI_ALIASES.H 51 : Illegal character (*)
Error[108]   C:\LRT6\LRT6_20\IFI_ALIASES.H 52 : Illegal character (*)
Error[108]   C:\LRT6\LRT6_20\IFI_ALIASES.H 53 : Illegal character (*)
Error[108]   C:\LRT6\LRT6_20\IFI_ALIASES.H 54 : Illegal character (*)
Error[108]   C:\LRT6\LRT6_20\IFI_ALIASES.H 55 : Illegal character (*)
Error[108]   C:\LRT6\LRT6_20\IFI_ALIASES.H 76 : Illegal character (/)
Error[108]   C:\LRT6\LRT6_20\IFI_ALIASES.H 77 : Illegal character (*)
Error[108]   C:\LRT6\LRT6_20\IFI_ALIASES.H 78 : Illegal character (*)
Error[108]   C:\LRT6\LRT6_20\IFI_ALIASES.H 79 : Illegal character (*)
Error[108]   C:\LRT6\LRT6_20\IFI_ALIASES.H 80 : Illegal character (*)
Error[108]   C:\LRT6\LRT6_20\IFI_ALIASES.H 81 : Illegal character (*)
Error[108]   C:\LRT6\LRT6_20\IFI_ALIASES.H 82 : Illegal character (*)
Error[108]   C:\LRT6\LRT6_20\IFI_ALIASES.H 87 : Illegal character (/)
Error[108]   C:\LRT6\LRT6_20\IFI_ALIASES.H 88 : Illegal character (/)
Error[108]   C:\LRT6\LRT6_20\IFI_ALIASES.H 108 : Illegal character (/)
Error[108]   C:\LRT6\LRT6_20\IFI_ALIASES.H 128 : Illegal character (/)
Error[108]   C:\LRT6\LRT6_20\IFI_ALIASES.H 148 : Illegal character (/)
Error[108]   C:\LRT6\LRT6_20\IFI_ALIASES.H 149 : Illegal character (*)
Error[108]   C:\LRT6\LRT6_20\IFI_ALIASES.H 150 : Illegal character (*)
Error[108]   C:\LRT6\LRT6_20\IFI_ALIASES.H 151 : Illegal character (*)
Error[108]   C:\LRT6\LRT6_20\IFI_ALIASES.H 152 : Illegal character (*)
Error[108]   C:\LRT6\LRT6_20\IFI_ALIASES.H 153 : Illegal character (*)
Error[108]   C:\LRT6\LRT6_20\IFI_ALIASES.H 171 : Illegal character (/)
Error[108]   C:\LRT6\LRT6_20\IFI_ALIASES.H 172 : Illegal character (*)
Error[108]   C:\LRT6\LRT6_20\IFI_ALIASES.H 173 : Illegal character (*)
Error[108]   C:\LRT6\LRT6_20\IFI_ALIASES.H 174 : Illegal character (*)
Error[108]   C:\LRT6\LRT6_20\IFI_ALIASES.H 175 : Illegal character (*)
Error[108]   C:\LRT6\LRT6_20\IFI_ALIASES.H 176 : Illegal character (*)
Error[108]   C:\LRT6\LRT6_20\IFI_ALIASES.H 177 : Illegal character (*)
Error[108]   C:\LRT6\LRT6_20\IFI_ALIASES.H 195 : Illegal character (/)
Error[108]   C:\LRT6\LRT6_20\IFI_ALIASES.H 196 : Illegal character (*)
Error[108]   C:\LRT6\LRT6_20\IFI_ALIASES.H 197 : Illegal character (*)
Error[108]   C:\LRT6\LRT6_20\IFI_ALIASES.H 198 : Illegal character (*)
Error[108]   C:\LRT6\LRT6_20\IFI_ALIASES.H 199 : Illegal character (*)
Error[108]   C:\LRT6\LRT6_20\IFI_ALIASES.H 200 : Illegal character (*)
Error[108]   C:\LRT6\LRT6_20\IFI_ALIASES.H 201 : Illegal character (*)
Error[108]   C:\LRT6\LRT6_20\IFI_ALIASES.H 221 : Illegal character (/)
Error[108]   C:\LRT6\LRT6_20\IFI_ALIASES.H 222 : Illegal character (*)
Error[108]   C:\LRT6\LRT6_20\IFI_ALIASES.H 223 : Illegal character (*)
Error[108]   C:\LRT6\LRT6_20\IFI_ALIASES.H 224 : Illegal character (*)
Error[108]   C:\LRT6\LRT6_20\IFI_ALIASES.H 225 : Illegal character (*)
Error[108]   C:\LRT6\LRT6_20\IFI_ALIASES.H 226 : Illegal character (*)
Error[108]   C:\LRT6\LRT6_20\IFI_ALIASES.H 249 : Illegal character (/)
Error[108]   C:\LRT6\LRT6_20\IFI_ALIASES.H 250 : Illegal character (*)
Error[108]   C:\LRT6\LRT6_20\IFI_ALIASES.H 251 : Illegal character (*)
Error[108]   C:\LRT6\LRT6_20\IFI_ALIASES.H 252 : Illegal character (*)
Error[108]   C:\LRT6\LRT6_20\IFI_ALIASES.H 253 : Illegal character (*)
Error[108]   C:\LRT6\LRT6_20\IFI_ALIASES.H 254 : Illegal character (*)
Error[108]   C:\LRT6\LRT6_20\IFI_ALIASES.H 255 : Illegal character (*)
Error[108]   C:\LRT6\LRT6_20\IFI_ALIASES.H 256 : Illegal character (*)
Error[108]   C:\LRT6\LRT6_20\IFI_ALIASES.H 257 : Illegal character (*)
Error[108]   C:\LRT6\LRT6_20\IFI_ALIASES.H 258 : Illegal character (*)
Error[108]   C:\LRT6\LRT6_20\IFI_ALIASES.H 259 : Illegal character (*)
Error[108]   C:\LRT6\LRT6_20\IFI_ALIASES.H 260 : Illegal character (*)
Error[108]   C:\LRT6\LRT6_20\IFI_ALIASES.H 261 : Illegal character (*)
Error[108]   C:\LRT6\LRT6_20\IFI_ALIASES.H 262 : Illegal character (*)
Error[108]   C:\LRT6\LRT6_20\IFI_ALIASES.H 263 : Illegal character (*)
Error[108]   C:\LRT6\LRT6_20\IFI_ALIASES.H 264 : Illegal character (*)
Error[108]   C:\LRT6\LRT6_20\IFI_ALIASES.H 265 : Illegal character (/)
Error[108]   C:\LRT6\LRT6_20\IFI_ALIASES.H 271 : Illegal character (/)
Error[108]   C:\LRT6\LRT6_20\IFI_ALIASES.H 277 : Illegal character (/)
Error[108]   C:\LRT6\LRT6_20\IFI_ALIASES.H 283 : Illegal character (/)
Error[108]   C:\LRT6\LRT6_20\IFI_ALIASES.H 284 : Illegal character (*)
Error[108]   C:\LRT6\LRT6_20\IFI_ALIASES.H 285 : Illegal character (*)
Error[108]   C:\LRT6\LRT6_20\IFI_ALIASES.H 286 : Illegal character (*)
Error[108]   C:\LRT6\LRT6_20\IFI_ALIASES.H 287 : Illegal character (*)
Error[108]   C:\LRT6\LRT6_20\IFI_ALIASES.H 288 : Illegal character (*)
Error[108]   C:\LRT6\LRT6_20\IFI_ALIASES.H 292 : Illegal character (/)
Error[108]   C:\LRT6\LRT6_20\IFI_ALIASES.H 293 : Illegal character (*)
Error[108]   C:\LRT6\LRT6_20\IFI_ALIASES.H 294 : Illegal character (*)
Error[108]   C:\LRT6\LRT6_20\IFI_ALIASES.H 295 : Illegal character (*)
Error[108]   C:\LRT6\LRT6_20\IFI_ALIASES.H 296 : Illegal character (*)
Error[108]   C:\LRT6\LRT6_20\IFI_ALIASES.H 297 : Illegal character (*)
Error[108]   C:\LRT6\LRT6_20\IFI_ALIASES.H 298 : Illegal character (*)
Error[108]   C:\LRT6\LRT6_20\IFI_ALIASES.H 303 : Illegal character (/)
Error[108]   C:\LRT6\LRT6_20\IFI_ALIASES.H 304 : Illegal character (*)
Error[108]   C:\LRT6\LRT6_20\IFI_ALIASES.H 305 : Illegal character (*)
Error[108]   C:\LRT6\LRT6_20\IFI_ALIASES.H 306 : Illegal character (*)
Error[108]   C:\LRT6\LRT6_20\IFI_ALIASES.H 307 : Illegal character (*)
Error[108]   C:\LRT6\LRT6_20\IFI_ALIASES.H 308 : Illegal character (*)
Error[108]   C:\LRT6\LRT6_20\IFI_ALIASES.H 309 : Illegal character (*)
Error[108]   C:\LRT6\LRT6_20\IFI_ALIASES.H 317 : Illegal character (/)
Error[108]   C:\LRT6\LRT6_20\IFI_ALIASES.H 318 : Illegal character (/)
Error[108]   C:\LRT6\LRT6_20\IFI_ALIASES.H 319 : Illegal character (/)
Error[105]   C:\LRT6\LRT6_20\INTERRUPTHANDLERS.H 5 : Cannot open file (Include File "timers.h" not found)
Error[122]   C:\LRT6\LRT6_20\INTERRUPTHANDLERS.H 7 : Illegal opcode (Initialize_timer)
Error[122]   C:\LRT6\LRT6_20\INTERRUPTHANDLERS.H 8 : Illegal opcode (Timer_0_Int_Handler)
Error[122]   C:\LRT6\LRT6_20\INTERRUPTHANDLERS.H 9 : Illegal opcode (get_encoder_1_width)
Error[108]   C:\LRT6\LRT6_20\INTERRUPTHANDLERS.H 19 : Illegal character (/)
Error[108]   C:\LRT6\LRT6_20\INTERRUPTHANDLERS.H 20 : Illegal character (/)
Error[108]   C:\LRT6\LRT6_20\INTERRUPTHANDLERS.H 28 : Illegal character (/)
Error[108]   C:\LRT6\LRT6_20\INTERRUPTHANDLERS.H 29 : Illegal character (/)
Error[108]   C:\LRT6\LRT6_20\INTERRUPTHANDLERS.H 30 : Illegal character (/)
Error[108]   C:\LRT6\LRT6_20\INTERRUPTHANDLERS.H 31 : Illegal character (/)
Error[108]   C:\LRT6\LRT6_20\INTERRUPTHANDLERS.H 32 : Illegal character (/)
Error[108]   C:\LRT6\LRT6_20\INTERRUPTHANDLERS.H 41 : Illegal character (/)
Warning[205] C:\LRT6\LRT6_20\INTERRUPTHANDLERS.H 63 : Found directive in column 1. (extern)
Error[121]   C:\LRT6\LRT6_20\INTERRUPTHANDLERS.H 63 : Illegal label (unsigned char Old_Port_B)
Error[108]   C:\LRT6\LRT6_20\INTERRUPTHANDLERS.H 65 : Illegal character (/)
Error[122]   C:\LRT6\LRT6_20\INTERRUPTHANDLERS.H 66 : Illegal opcode (Initialize_Encoders)
Error[122]   C:\LRT6\LRT6_20\INTERRUPTHANDLERS.H 70 : Illegal opcode (Get_Encoder_1_Count)
Error[122]   C:\LRT6\LRT6_20\INTERRUPTHANDLERS.H 71 : Illegal opcode (Reset_Encoder_1_Count)
Error[122]   C:\LRT6\LRT6_20\INTERRUPTHANDLERS.H 72 : Illegal opcode (Encoder_1_Int_Handler)
Error[122]   C:\LRT6\LRT6_20\INTERRUPTHANDLERS.H 76 : Illegal opcode (Get_Encoder_2_Count)
Error[122]   C:\LRT6\LRT6_20\INTERRUPTHANDLERS.H 77 : Illegal opcode (Reset_Encoder_2_Count)
Error[122]   C:\LRT6\LRT6_20\INTERRUPTHANDLERS.H 78 : Illegal opcode (Encoder_2_Int_Handler)
Error[122]   C:\LRT6\LRT6_20\INTERRUPTHANDLERS.H 82 : Illegal opcode (Get_Encoder_3_Count)
Error[122]   C:\LRT6\LRT6_20\INTERRUPTHANDLERS.H 83 : Illegal opcode (Reset_Encoder_3_Count)
Error[122]   C:\LRT6\LRT6_20\INTERRUPTHANDLERS.H 84 : Illegal opcode (Encoder_3_Int_Handler)
Error[122]   C:\LRT6\LRT6_20\INTERRUPTHANDLERS.H 88 : Illegal opcode (Get_Encoder_4_Count)
Error[122]   C:\LRT6\LRT6_20\INTERRUPTHANDLERS.H 89 : Illegal opcode (Reset_Encoder_4_Count)
Error[122]   C:\LRT6\LRT6_20\INTERRUPTHANDLERS.H 90 : Illegal opcode (Encoder_4_Int_Handler)
Error[122]   C:\LRT6\LRT6_20\INTERRUPTHANDLERS.H 94 : Illegal opcode (Get_Encoder_5_Count)
Error[122]   C:\LRT6\LRT6_20\INTERRUPTHANDLERS.H 95 : Illegal opcode (Reset_Encoder_5_Count)
Error[122]   C:\LRT6\LRT6_20\INTERRUPTHANDLERS.H 96 : Illegal opcode (Encoder_5_Int_Handler)
Error[122]   C:\LRT6\LRT6_20\INTERRUPTHANDLERS.H 100 : Illegal opcode (Get_Encoder_6_Count)
Error[122]   C:\LRT6\LRT6_20\INTERRUPTHANDLERS.H 101 : Illegal opcode (Reset_Encoder_6_Count)
Error[122]   C:\LRT6\LRT6_20\INTERRUPTHANDLERS.H 102 : Illegal opcode (Encoder_6_Int_Handler)
Warning[211] C:\LRT6\LRT6_20\INTERRUPTHANDLERS.H 106 : Extraneous arguments on the line.
Error[108]   C:\LRT6\LRT6_20\UTILITIES.H 1 : Illegal character (/)
Error[108]   C:\LRT6\LRT6_20\UTILITIES.H 2 : Illegal character (*)
Error[108]   C:\LRT6\LRT6_20\UTILITIES.H 4 : Illegal character (*)
Error[108]   C:\LRT6\LRT6_20\UTILITIES.H 5 : Illegal character (*)
Error[108]   C:\LRT6\LRT6_20\UTILITIES.H 6 : Illegal character (*)
Error[108]   C:\LRT6\LRT6_20\UTILITIES.H 7 : Illegal character (*)
Error[108]   C:\LRT6\LRT6_20\UTILITIES.H 12 : Illegal character ({)
Error[108]   C:\LRT6\LRT6_20\UTILITIES.H 13 : Illegal character ({)
Error[108]   C:\LRT6\LRT6_20\UTILITIES.H 23 : Illegal character (/)
Error[122]   C:\LRT6\LRT6_20\UTILITIES.H 28 : Illegal opcode (testArea)
Error[108]   C:\LRT6\LRT6_20\UTILITIES.H 30 : Illegal character (/)
Error[113]   C:\LRT6\LRT6_20\UTILITIES.H 38 : Symbol not previously defined (number)
Error[128]   C:\LRT6\LRT6_20\UTILITIES.H 38 : Missing argument(s)
Error[122]   C:\LRT6\LRT6_20\UTILITIES.H 51 : Illegal opcode (struct)
Error[150]   C:\LRT6\LRT6_20\UTILITIES.H 53 : Labels must be defined in a code or data section when making an object file
Warning[207] C:\LRT6\LRT6_20\UTILITIES.H 54 : Found label after column 1. (union)
Error[108]   C:\LRT6\LRT6_20\UTILITIES.H 54 : Illegal character ({)
Warning[207] C:\LRT6\LRT6_20\UTILITIES.H 55 : Found label after column 1. (unsigned)
Error[122]   C:\LRT6\LRT6_20\UTILITIES.H 55 : Illegal opcode (long)
Warning[207] C:\LRT6\LRT6_20\UTILITIES.H 56 : Found label after column 1. (struct)
Error[108]   C:\LRT6\LRT6_20\UTILITIES.H 56 : Illegal character ({)
Warning[207] C:\LRT6\LRT6_20\UTILITIES.H 57 : Found label after column 1. (unsigned)
Error[122]   C:\LRT6\LRT6_20\UTILITIES.H 57 : Illegal opcode (int)
Warning[207] C:\LRT6\LRT6_20\UTILITIES.H 58 : Found label after column 1. (unsigned)
Error[122]   C:\LRT6\LRT6_20\UTILITIES.H 58 : Illegal opcode (int)
Error[108]   C:\LRT6\LRT6_20\UTILITIES.H 59 : Illegal character (})
Error[108]   C:\LRT6\LRT6_20\UTILITIES.H 60 : Illegal character (})
Error[122]   C:\LRT6\LRT6_20\UTILITIES.H 63 : Illegal opcode (struct)
Warning[207] C:\LRT6\LRT6_20\UTILITIES.H 64 : Found label after column 1. (timestamp)
Error[122]   C:\LRT6\LRT6_20\UTILITIES.H 64 : Illegal opcode (t0)
Warning[207] C:\LRT6\LRT6_20\UTILITIES.H 65 : Found label after column 1. (timestamp)
Error[122]   C:\LRT6\LRT6_20\UTILITIES.H 65 : Illegal opcode (t1)
Warning[207] C:\LRT6\LRT6_20\UTILITIES.H 67 : Found label after column 1. (unsigned)
Error[122]   C:\LRT6\LRT6_20\UTILITIES.H 67 : Illegal opcode (newdata)
Warning[207] C:\LRT6\LRT6_20\UTILITIES.H 68 : Found label after column 1. (unsigned)
Error[122]   C:\LRT6\LRT6_20\UTILITIES.H 68 : Illegal opcode (timerIntOccured)
Error[108]   C:\LRT6\LRT6_20\UTILITIES.H 70 : Illegal character (/)
Error[108]   C:\LRT6\LRT6_20\UTILITIES.H 71 : Illegal character (/)
Error[108]   C:\LRT6\LRT6_20\UTILITIES.H 72 : Illegal character (})
Warning[205] C:\LRT6\LRT6_20\UTILITIES.H 74 : Found directive in column 1. (extern)
Error[121]   C:\LRT6\LRT6_20\UTILITIES.H 74 : Illegal label (volatile wheelSensor shooterLeft)
Warning[205] C:\LRT6\LRT6_20\UTILITIES.H 75 : Found directive in column 1. (extern)
Error[121]   C:\LRT6\LRT6_20\UTILITIES.H 75 : Illegal label (volatile wheelSensor shooterRigh)
Error[108]   C:\LRT6\LRT6_20\UTILITIES.H 78 : Illegal character (/)
Error[122]   C:\LRT6\LRT6_20\UTILITIES.H 79 : Illegal opcode (struct)
Warning[207] C:\LRT6\LRT6_20\UTILITIES.H 80 : Found label after column 1. (volatile)
Error[122]   C:\LRT6\LRT6_20\UTILITIES.H 80 : Illegal opcode (short)
Warning[207] C:\LRT6\LRT6_20\UTILITIES.H 81 : Found label after column 1. (short)
Error[122]   C:\LRT6\LRT6_20\UTILITIES.H 81 : Illegal opcode (long)
Warning[207] C:\LRT6\LRT6_20\UTILITIES.H 82 : Found label after column 1. (short)
Error[122]   C:\LRT6\LRT6_20\UTILITIES.H 82 : Illegal opcode (long)
Warning[207] C:\LRT6\LRT6_20\UTILITIES.H 83 : Found label after column 1. (short)
Error[122]   C:\LRT6\LRT6_20\UTILITIES.H 83 : Illegal opcode (long)
Warning[207] C:\LRT6\LRT6_20\UTILITIES.H 84 : Found label after column 1. (int)
Error[122]   C:\LRT6\LRT6_20\UTILITIES.H 84 : Illegal opcode (velocity)
Warning[207] C:\LRT6\LRT6_20\UTILITIES.H 85 : Found label after column 1. (int)
Error[122]   C:\LRT6\LRT6_20\UTILITIES.H 85 : Illegal opcode (oldVelocity)
Warning[207] C:\LRT6\LRT6_20\UTILITIES.H 87 : Found label after column 1. (char)
Error[122]   C:\LRT6\LRT6_20\UTILITIES.H 87 : Illegal opcode (direction)
Error[108]   C:\LRT6\LRT6_20\UTILITIES.H 88 : Illegal character (/)
Warning[207] C:\LRT6\LRT6_20\UTILITIES.H 90 : Found label after column 1. (timestamp)
Error[122]   C:\LRT6\LRT6_20\UTILITIES.H 90 : Illegal opcode (t0)
Warning[207] C:\LRT6\LRT6_20\UTILITIES.H 91 : Found label after column 1. (timestamp)
Error[122]   C:\LRT6\LRT6_20\UTILITIES.H 91 : Illegal opcode (t1)
Warning[207] C:\LRT6\LRT6_20\UTILITIES.H 92 : Found label after column 1. (timestamp)
Error[122]   C:\LRT6\LRT6_20\UTILITIES.H 92 : Illegal opcode (t2)
Warning[207] C:\LRT6\LRT6_20\UTILITIES.H 94 : Found label after column 1. (timestamp)
Error[122]   C:\LRT6\LRT6_20\UTILITIES.H 94 : Illegal opcode (d0)
Error[108]   C:\LRT6\LRT6_20\UTILITIES.H 95 : Illegal character (/)
Error[108]   C:\LRT6\LRT6_20\UTILITIES.H 96 : Illegal character (})
Warning[205] C:\LRT6\LRT6_20\UTILITIES.H 98 : Found directive in column 1. (extern)
Error[121]   C:\LRT6\LRT6_20\UTILITIES.H 98 : Illegal label (encoder EncoderRight)
Error[108]   C:\LRT6\LRT6_20\UTILITIES.H 99 : Illegal character (/)
Error[108]   C:\LRT6\LRT6_20\UTILITIES.H 101 : Illegal character (/)
Warning[205] C:\LRT6\LRT6_20\UTILITIES.H 102 : Found directive in column 1. (extern)
Error[121]   C:\LRT6\LRT6_20\UTILITIES.H 102 : Illegal label (volatile unsigned int Timer_High)
Error[122]   C:\LRT6\LRT6_20\UTILITIES.H 105 : Illegal opcode (Clock)
Warning[207] C:\LRT6\LRT6_20\UTILITIES.H 106 : Found label after column 1. (unsigned)
Error[122]   C:\LRT6\LRT6_20\UTILITIES.H 106 : Illegal opcode (int)
Warning[207] C:\LRT6\LRT6_20\UTILITIES.H 107 : Found label after column 1. (unsigned)
Error[122]   C:\LRT6\LRT6_20\UTILITIES.H 107 : Illegal opcode (char)
Warning[207] C:\LRT6\LRT6_20\UTILITIES.H 108 : Found label after column 1. (unsigned)
Error[122]   C:\LRT6\LRT6_20\UTILITIES.H 108 : Illegal opcode (int)
Error[108]   C:\LRT6\LRT6_20\UTILITIES.H 109 : Illegal character (})
Error[108]   C:\LRT6\LRT6_20\UTILITIES.H 111 : Illegal character (/)
Error[122]   C:\LRT6\LRT6_20\UTILITIES.H 112 : Illegal opcode (struct)
Warning[207] C:\LRT6\LRT6_20\UTILITIES.H 113 : Found label after column 1. (unsigned)
Error[122]   C:\LRT6\LRT6_20\UTILITIES.H 113 : Illegal opcode (int)
Warning[207] C:\LRT6\LRT6_20\UTILITIES.H 114 : Found label after column 1. (unsigned)
Error[122]   C:\LRT6\LRT6_20\UTILITIES.H 114 : Illegal opcode (char)
Warning[207] C:\LRT6\LRT6_20\UTILITIES.H 115 : Found label after column 1. (unsigned)
Error[122]   C:\LRT6\LRT6_20\UTILITIES.H 115 : Illegal opcode (char)
Warning[207] C:\LRT6\LRT6_20\UTILITIES.H 116 : Found label after column 1. (unsigned)
Error[122]   C:\LRT6\LRT6_20\UTILITIES.H 116 : Illegal opcode (onSecond)
Error[108]   C:\LRT6\LRT6_20\UTILITIES.H 117 : Illegal character (})
Warning[205] C:\LRT6\LRT6_20\UTILITIES.H 118 : Found directive in column 1. (extern)
Error[121]   C:\LRT6\LRT6_20\UTILITIES.H 118 : Illegal label (SlowLoopTiming gLoop)
Error[122]   C:\LRT6\LRT6_20\UTILITIES.H 121 : Illegal opcode (LimitRange)
Error[122]   C:\LRT6\LRT6_20\UTILITIES.H 122 : Illegal opcode (isWithinRange)
Error[122]   C:\LRT6\LRT6_20\UTILITIES.H 124 : Illegal opcode (char)
Error[122]   C:\LRT6\LRT6_20\UTILITIES.H 125 : Illegal opcode (addDeadband)
Error[108]   C:\LRT6\LRT6_20\UTILITIES.H 126 : Illegal character (/)
Error[122]   C:\LRT6\LRT6_20\UTILITIES.H 127 : Illegal opcode (calibrateInput)
Error[122]   C:\LRT6\LRT6_20\UTILITIES.H 128 : Illegal opcode (RemoveAllPWMDeadbands)
Error[122]   C:\LRT6\LRT6_20\UTILITIES.H 129 : Illegal opcode (AllStop)
Error[122]   C:\LRT6\LRT6_20\UTILITIES.H 131 : Illegal opcode (UpdateTimers)
Error[122]   C:\LRT6\LRT6_20\UTILITIES.H 133 : Illegal opcode (PrintTime)
Error[122]   C:\LRT6\LRT6_20\UTILITIES.H 134 : Illegal opcode (PrintPWMs)
Error[108]   C:\LRT6\LRT6_20\UTILITIES.H 138 : Illegal character (/)
Warning[211] C:\LRT6\LRT6_20\UTILITIES.H 143 : Extraneous arguments on the line.
Error[105]   C:\LRT6\LRT6_20\INTERRUPTHANDLERS.C 6 : Cannot open file (Include File "stdio.h" not found)
Error[122]   C:\LRT6\LRT6_20\INTERRUPTHANDLERS.C 11 : Illegal opcode (long)
Error[122]   C:\LRT6\LRT6_20\INTERRUPTHANDLERS.C 15 : Illegal opcode (long)
Error[122]   C:\LRT6\LRT6_20\INTERRUPTHANDLERS.C 19 : Illegal opcode (char)
Error[122]   C:\LRT6\LRT6_20\INTERRUPTHANDLERS.C 20 : Illegal opcode (long)
Error[122]   C:\LRT6\LRT6_20\INTERRUPTHANDLERS.C 24 : Illegal opcode (char)
Error[122]   C:\LRT6\LRT6_20\INTERRUPTHANDLERS.C 25 : Illegal opcode (long)
Error[122]   C:\LRT6\LRT6_20\INTERRUPTHANDLERS.C 29 : Illegal opcode (char)
Error[122]   C:\LRT6\LRT6_20\INTERRUPTHANDLERS.C 30 : Illegal opcode (long)
Error[122]   C:\LRT6\LRT6_20\INTERRUPTHANDLERS.C 34 : Illegal opcode (char)
Error[122]   C:\LRT6\LRT6_20\INTERRUPTHANDLERS.C 35 : Illegal opcode (long)
Error[108]   C:\LRT6\LRT6_20\INTERRUPTHANDLERS.C 37 : Illegal character (/)
Error[122]   C:\LRT6\LRT6_20\INTERRUPTHANDLERS.C 40 : Illegal opcode (unsigned)
Error[108]   C:\LRT6\LRT6_20\INTERRUPTHANDLERS.C 41 : Illegal character (/)
Error[108]   C:\LRT6\LRT6_20\INTERRUPTHANDLERS.C 42 : Illegal character (/)
Error[108]   C:\LRT6\LRT6_20\INTERRUPTHANDLERS.C 43 : Illegal character (/)
Error[122]   C:\LRT6\LRT6_20\INTERRUPTHANDLERS.C 45 : Illegal opcode (wheelSensor)
Error[122]   C:\LRT6\LRT6_20\INTERRUPTHANDLERS.C 46 : Illegal opcode (wheelSensor)
Error[122]   C:\LRT6\LRT6_20\INTERRUPTHANDLERS.C 48 : Illegal opcode (unsigned)
Error[108]   C:\LRT6\LRT6_20\INTERRUPTHANDLERS.C 51 : Illegal character (/)
Error[108]   C:\LRT6\LRT6_20\INTERRUPTHANDLERS.C 52 : Illegal character (/)
Error[108]   C:\LRT6\LRT6_20\INTERRUPTHANDLERS.C 53 : Illegal character (/)
Error[108]   C:\LRT6\LRT6_20\INTERRUPTHANDLERS.C 54 : Illegal character (/)
Error[108]   C:\LRT6\LRT6_20\INTERRUPTHANDLERS.C 55 : Illegal character (/)
Error[122]   C:\LRT6\LRT6_20\INTERRUPTHANDLERS.C 56 : Illegal opcode (char)
Error[108]   C:\LRT6\LRT6_20\INTERRUPTHANDLERS.C 58 : Illegal character (/)
Error[108]   C:\LRT6\LRT6_20\INTERRUPTHANDLERS.C 59 : Illegal character (*)
Error[108]   C:\LRT6\LRT6_20\INTERRUPTHANDLERS.C 60 : Illegal character (*)
Error[122]   C:\LRT6\LRT6_20\INTERRUPTHANDLERS.C 61 : Illegal opcode (Initialize_Encoders)
Error[108]   C:\LRT6\LRT6_20\INTERRUPTHANDLERS.C 62 : Illegal character ({)
Error[108]   C:\LRT6\LRT6_20\INTERRUPTHANDLERS.C 63 : Illegal character (/)
Warning[207] C:\LRT6\LRT6_20\INTERRUPTHANDLERS.C 65 : Found label after column 1. (TRISBbits.TRISB2)
Warning[207] C:\LRT6\LRT6_20\INTERRUPTHANDLERS.C 66 : Found label after column 1. (INTCON3bits.INT2IP)
Warning[207] C:\LRT6\LRT6_20\INTERRUPTHANDLERS.C 67 : Found label after column 1. (INTCON2bits.INTEDG2)
Warning[207] C:\LRT6\LRT6_20\INTERRUPTHANDLERS.C 68 : Found label after column 1. (INTCON3bits.INT2IF)
Warning[207] C:\LRT6\LRT6_20\INTERRUPTHANDLERS.C 69 : Found label after column 1. (INTCON3bits.INT2IE)
Error[108]   C:\LRT6\LRT6_20\INTERRUPTHANDLERS.C 72 : Illegal character (/)
Warning[207] C:\LRT6\LRT6_20\INTERRUPTHANDLERS.C 74 : Found label after column 1. (TRISBbits.TRISB3)
Warning[207] C:\LRT6\LRT6_20\INTERRUPTHANDLERS.C 75 : Found label after column 1. (INTCON2bits.INT3P)
Warning[207] C:\LRT6\LRT6_20\INTERRUPTHANDLERS.C 76 : Found label after column 1. (INTCON2bits.INTEDG3)
Warning[207] C:\LRT6\LRT6_20\INTERRUPTHANDLERS.C 77 : Found label after column 1. (INTCON3bits.INT3IF)
Warning[207] C:\LRT6\LRT6_20\INTERRUPTHANDLERS.C 78 : Found label after column 1. (INTCON3bits.INT3IE)
Error[108]   C:\LRT6\LRT6_20\INTERRUPTHANDLERS.C 81 : Illegal character (/)
Warning[207] C:\LRT6\LRT6_20\INTERRUPTHANDLERS.C 83 : Found label after column 1. (TRISBbits.TRISB4)
Warning[207] C:\LRT6\LRT6_20\INTERRUPTHANDLERS.C 84 : Found label after column 1. (TRISBbits.TRISB5)
Warning[207] C:\LRT6\LRT6_20\INTERRUPTHANDLERS.C 85 : Found label after column 1. (TRISBbits.TRISB6)
Warning[207] C:\LRT6\LRT6_20\INTERRUPTHANDLERS.C 86 : Found label after column 1. (TRISBbits.TRISB7)
Warning[207] C:\LRT6\LRT6_20\INTERRUPTHANDLERS.C 87 : Found label after column 1. (INTCON2bits.RBIP)
Error[108]   C:\LRT6\LRT6_20\INTERRUPTHANDLERS.C 89 : Illegal character (/)
Warning[207] C:\LRT6\LRT6_20\INTERRUPTHANDLERS.C 90 : Found label after column 1. (Old_Port_B)
Error[113]   C:\LRT6\LRT6_20\INTERRUPTHANDLERS.C 90 : Symbol not previously defined (PORTB)
Warning[207] C:\LRT6\LRT6_20\INTERRUPTHANDLERS.C 92 : Found label after column 1. (INTCONbits.RBIF)
Warning[207] C:\LRT6\LRT6_20\INTERRUPTHANDLERS.C 93 : Found label after column 1. (INTCONbits.RBIE)
Error[108]   C:\LRT6\LRT6_20\INTERRUPTHANDLERS.C 95 : Illegal character (})
Error[108]   C:\LRT6\LRT6_20\INTERRUPTHANDLERS.C 96 : Illegal character (/)
Error[108]   C:\LRT6\LRT6_20\INTERRUPTHANDLERS.C 97 : Illegal character (/)
Error[108]   C:\LRT6\LRT6_20\INTERRUPTHANDLERS.C 105 : Illegal character (/)
Error[108]   C:\LRT6\LRT6_20\INTERRUPTHANDLERS.C 106 : Illegal character (/)
Error[122]   C:\LRT6\LRT6_20\INTERRUPTHANDLERS.C 107 : Illegal opcode (Get_Encoder_1_Count)
Error[108]   C:\LRT6\LRT6_20\INTERRUPTHANDLERS.C 108 : Illegal character ({)
Warning[207] C:\LRT6\LRT6_20\INTERRUPTHANDLERS.C 109 : Found label after column 1. (long)
Error[122]   C:\LRT6\LRT6_20\INTERRUPTHANDLERS.C 109 : Illegal opcode (count)
Warning[207] C:\LRT6\LRT6_20\INTERRUPTHANDLERS.C 110 : Found label after column 1. (INTCON3bits.INT2IE)
Warning[207] C:\LRT6\LRT6_20\INTERRUPTHANDLERS.C 111 : Found label after column 1. (count)
Error[113]   C:\LRT6\LRT6_20\INTERRUPTHANDLERS.C 111 : Symbol not previously defined (Encoder_1_Count)
Warning[207] C:\LRT6\LRT6_20\INTERRUPTHANDLERS.C 112 : Found label after column 1. (INTCON3bits.INT2IE)
Error[152]   C:\LRT6\LRT6_20\INTERRUPTHANDLERS.C 113 : Executable code and data must be defined in an appropriate section
Error[108]   C:\LRT6\LRT6_20\INTERRUPTHANDLERS.C 114 : Illegal character (})
Error[108]   C:\LRT6\LRT6_20\INTERRUPTHANDLERS.C 115 : Illegal character (/)
Error[122]   C:\LRT6\LRT6_20\INTERRUPTHANDLERS.C 116 : Illegal opcode (Reset_Encoder_1_Count)
Error[108]   C:\LRT6\LRT6_20\INTERRUPTHANDLERS.C 117 : Illegal character ({)
Warning[207] C:\LRT6\LRT6_20\INTERRUPTHANDLERS.C 118 : Found label after column 1. (INTCON3bits.INT2IE)
Warning[207] C:\LRT6\LRT6_20\INTERRUPTHANDLERS.C 119 : Found label after column 1. (Encoder_1_Count)
Warning[207] C:\LRT6\LRT6_20\INTERRUPTHANDLERS.C 120 : Found label after column 1. (INTCON3bits.INT2IE)
Error[108]   C:\LRT6\LRT6_20\INTERRUPTHANDLERS.C 121 : Illegal character (})
Error[108]   C:\LRT6\LRT6_20\INTERRUPTHANDLERS.C 122 : Illegal character (/)
Error[108]   C:\LRT6\LRT6_20\INTERRUPTHANDLERS.C 123 : Illegal character (*)
Error[108]   C:\LRT6\LRT6_20\INTERRUPTHANDLERS.C 124 : Illegal character (*)
Error[122]   C:\LRT6\LRT6_20\INTERRUPTHANDLERS.C 125 : Illegal opcode (Encoder_1_Int_Handler)
Error[108]   C:\LRT6\LRT6_20\INTERRUPTHANDLERS.C 126 : Illegal character ({)
Error[108]   C:\LRT6\LRT6_20\INTERRUPTHANDLERS.C 127 : Illegal character (/)
Error[108]   C:\LRT6\LRT6_20\INTERRUPTHANDLERS.C 128 : Illegal character (/)
Error[108]   C:\LRT6\LRT6_20\INTERRUPTHANDLERS.C 129 : Illegal character (/)
Error[108]   C:\LRT6\LRT6_20\INTERRUPTHANDLERS.C 130 : Illegal character (/)
Error[113]   C:\LRT6\LRT6_20\INTERRUPTHANDLERS.C 131 : Symbol not previously defined (PORTJbits.RJ1)
Warning[207] C:\LRT6\LRT6_20\INTERRUPTHANDLERS.C 132 : Found label after column 1. (Encoder_1_Count)
Error[108]   C:\LRT6\LRT6_20\INTERRUPTHANDLERS.C 154 : Illegal character (/)
Error[108]   C:\LRT6\LRT6_20\INTERRUPTHANDLERS.C 155 : Illegal character (/)
Error[122]   C:\LRT6\LRT6_20\INTERRUPTHANDLERS.C 156 : Illegal opcode (Get_Encoder_2_Count)
Error[108]   C:\LRT6\LRT6_20\INTERRUPTHANDLERS.C 157 : Illegal character ({)
Warning[207] C:\LRT6\LRT6_20\INTERRUPTHANDLERS.C 158 : Found label after column 1. (long)
Error[122]   C:\LRT6\LRT6_20\INTERRUPTHANDLERS.C 158 : Illegal opcode (count)
Warning[207] C:\LRT6\LRT6_20\INTERRUPTHANDLERS.C 159 : Found label after column 1. (INTCON3bits.INT3IE)
Warning[207] C:\LRT6\LRT6_20\INTERRUPTHANDLERS.C 160 : Found label after column 1. (count)
Error[113]   C:\LRT6\LRT6_20\INTERRUPTHANDLERS.C 160 : Symbol not previously defined (Encoder_2_Count)
Warning[207] C:\LRT6\LRT6_20\INTERRUPTHANDLERS.C 161 : Found label after column 1. (INTCON3bits.INT3IE)
Error[152]   C:\LRT6\LRT6_20\INTERRUPTHANDLERS.C 162 : Executable code and data must be defined in an appropriate section
Error[108]   C:\LRT6\LRT6_20\INTERRUPTHANDLERS.C 163 : Illegal character (})
Error[108]   C:\LRT6\LRT6_20\INTERRUPTHANDLERS.C 164 : Illegal character (/)
Error[122]   C:\LRT6\LRT6_20\INTERRUPTHANDLERS.C 165 : Illegal opcode (Reset_Encoder_2_Count)
Error[108]   C:\LRT6\LRT6_20\INTERRUPTHANDLERS.C 166 : Illegal character ({)
Warning[207] C:\LRT6\LRT6_20\INTERRUPTHANDLERS.C 167 : Found label after column 1. (INTCON3bits.INT3IE)
Warning[207] C:\LRT6\LRT6_20\INTERRUPTHANDLERS.C 168 : Found label after column 1. (Encoder_2_Count)
Warning[207] C:\LRT6\LRT6_20\INTERRUPTHANDLERS.C 169 : Found label after column 1. (INTCON3bits.INT3IE)
Error[108]   C:\LRT6\LRT6_20\INTERRUPTHANDLERS.C 170 : Illegal character (})
Error[108]   C:\LRT6\LRT6_20\INTERRUPTHANDLERS.C 171 : Illegal character (/)
Error[122]   C:\LRT6\LRT6_20\INTERRUPTHANDLERS.C 172 : Illegal opcode (Encoder_2_Int_Handler)
Error[108]   C:\LRT6\LRT6_20\INTERRUPTHANDLERS.C 173 : Illegal character ({)
Error[113]   C:\LRT6\LRT6_20\INTERRUPTHANDLERS.C 174 : Symbol not previously defined (PORTJbits.RJ3)
Warning[207] C:\LRT6\LRT6_20\INTERRUPTHANDLERS.C 175 : Found label after column 1. (Encoder_2_Count)
Error[108]   C:\LRT6\LRT6_20\INTERRUPTHANDLERS.C 186 : Illegal character (/)
Error[108]   C:\LRT6\LRT6_20\INTERRUPTHANDLERS.C 187 : Illegal character (/)
Error[122]   C:\LRT6\LRT6_20\INTERRUPTHANDLERS.C 188 : Illegal opcode (Get_Encoder_3_Count)
Error[108]   C:\LRT6\LRT6_20\INTERRUPTHANDLERS.C 189 : Illegal character ({)
Warning[207] C:\LRT6\LRT6_20\INTERRUPTHANDLERS.C 190 : Found label after column 1. (long)
Error[122]   C:\LRT6\LRT6_20\INTERRUPTHANDLERS.C 190 : Illegal opcode (count)
Warning[207] C:\LRT6\LRT6_20\INTERRUPTHANDLERS.C 191 : Found label after column 1. (INTCONbits.RBIE)
Warning[207] C:\LRT6\LRT6_20\INTERRUPTHANDLERS.C 192 : Found label after column 1. (count)
Error[113]   C:\LRT6\LRT6_20\INTERRUPTHANDLERS.C 192 : Symbol not previously defined (Encoder_3_Count)
Warning[207] C:\LRT6\LRT6_20\INTERRUPTHANDLERS.C 193 : Found label after column 1. (INTCONbits.RBIE)
Error[152]   C:\LRT6\LRT6_20\INTERRUPTHANDLERS.C 194 : Executable code and data must be defined in an appropriate section
Error[108]   C:\LRT6\LRT6_20\INTERRUPTHANDLERS.C 195 : Illegal character (})
Error[108]   C:\LRT6\LRT6_20\INTERRUPTHANDLERS.C 196 : Illegal character (/)
Error[122]   C:\LRT6\LRT6_20\INTERRUPTHANDLERS.C 197 : Illegal opcode (Reset_Encoder_3_Count)
Error[108]   C:\LRT6\LRT6_20\INTERRUPTHANDLERS.C 198 : Illegal character ({)
Warning[207] C:\LRT6\LRT6_20\INTERRUPTHANDLERS.C 199 : Found label after column 1. (INTCONbits.RBIE)
Warning[207] C:\LRT6\LRT6_20\INTERRUPTHANDLERS.C 200 : Found label after column 1. (Encoder_3_Count)
Warning[207] C:\LRT6\LRT6_20\INTERRUPTHANDLERS.C 201 : Found label after column 1. (INTCONbits.RBIE)
Error[108]   C:\LRT6\LRT6_20\INTERRUPTHANDLERS.C 202 : Illegal character (})
Error[108]   C:\LRT6\LRT6_20\INTERRUPTHANDLERS.C 203 : Illegal character (/)
Error[122]   C:\LRT6\LRT6_20\INTERRUPTHANDLERS.C 204 : Illegal opcode (Encoder_3_Int_Handler)
Error[108]   C:\LRT6\LRT6_20\INTERRUPTHANDLERS.C 205 : Illegal character ({)
Error[113]   C:\LRT6\LRT6_20\INTERRUPTHANDLERS.C 206 : Symbol not previously defined (state)
Error[142]   C:\LRT6\LRT6_20\INTERRUPTHANDLERS.C 370 : IFs nested too deep
Error[142]   C:\LRT6\LRT6_20\INTERRUPTHANDLERS.C 382 : IFs nested too deep
