Error[108]   H:\LRT6\LRT6_15\IFI_DEFAULT.H 1 : Illegal character (/)
Error[108]   H:\LRT6\LRT6_15\IFI_DEFAULT.H 2 : Illegal character (*)
Error[108]   H:\LRT6\LRT6_15\IFI_DEFAULT.H 3 : Illegal character (*)
Error[108]   H:\LRT6\LRT6_15\IFI_DEFAULT.H 4 : Illegal character (*)
Error[108]   H:\LRT6\LRT6_15\IFI_DEFAULT.H 5 : Illegal character (*)
Error[108]   H:\LRT6\LRT6_15\IFI_DEFAULT.H 6 : Illegal character (*)
Error[108]   H:\LRT6\LRT6_15\IFI_DEFAULT.H 7 : Illegal character (*)
Error[108]   H:\LRT6\LRT6_15\IFI_DEFAULT.H 8 : Illegal character (*)
Error[105]   H:\LRT6\LRT6_15\IFI_DEFAULT.H 13 : Cannot open file (Include File "p18cxxx.h" not found)
Error[108]   H:\LRT6\LRT6_15\IFI_DEFAULT.H 18 : Illegal character (/)
Warning[207] H:\LRT6\LRT6_15\IFI_DEFAULT.H 19 : Found label after column 1. (ALIAS)
Error[122]   H:\LRT6\LRT6_15\IFI_DEFAULT.H 19 : Illegal opcode (DEFINITIONS)
Error[108]   H:\LRT6\LRT6_15\IFI_DEFAULT.H 20 : Illegal character (*)
Error[108]   H:\LRT6\LRT6_15\IFI_DEFAULT.H 21 : Illegal character (/)
Error[108]   H:\LRT6\LRT6_15\IFI_DEFAULT.H 41 : Illegal character (/)
Error[108]   H:\LRT6\LRT6_15\IFI_DEFAULT.H 43 : Illegal character (*)
Error[108]   H:\LRT6\LRT6_15\IFI_DEFAULT.H 44 : Illegal character (/)
Error[108]   H:\LRT6\LRT6_15\IFI_DEFAULT.H 45 : Illegal character (/)
Error[122]   H:\LRT6\LRT6_15\IFI_DEFAULT.H 46 : Illegal opcode (struct)
Error[108]   H:\LRT6\LRT6_15\IFI_DEFAULT.H 47 : Illegal character ({)
Warning[207] H:\LRT6\LRT6_15\IFI_DEFAULT.H 48 : Found label after column 1. (unsigned)
Error[122]   H:\LRT6\LRT6_15\IFI_DEFAULT.H 48 : Illegal opcode (int)
Warning[207] H:\LRT6\LRT6_15\IFI_DEFAULT.H 49 : Found label after column 1. (unsigned)
Error[122]   H:\LRT6\LRT6_15\IFI_DEFAULT.H 49 : Illegal opcode (int)
Warning[207] H:\LRT6\LRT6_15\IFI_DEFAULT.H 50 : Found label after column 1. (unsigned)
Error[122]   H:\LRT6\LRT6_15\IFI_DEFAULT.H 50 : Illegal opcode (int)
Warning[207] H:\LRT6\LRT6_15\IFI_DEFAULT.H 51 : Found label after column 1. (unsigned)
Error[122]   H:\LRT6\LRT6_15\IFI_DEFAULT.H 51 : Illegal opcode (int)
Error[108]   H:\LRT6\LRT6_15\IFI_DEFAULT.H 52 : Illegal character (})
Error[108]   H:\LRT6\LRT6_15\IFI_DEFAULT.H 54 : Illegal character (/)
Error[108]   H:\LRT6\LRT6_15\IFI_DEFAULT.H 55 : Illegal character (/)
Error[108]   H:\LRT6\LRT6_15\IFI_DEFAULT.H 56 : Illegal character (/)
Error[122]   H:\LRT6\LRT6_15\IFI_DEFAULT.H 57 : Illegal opcode (struct)
Error[108]   H:\LRT6\LRT6_15\IFI_DEFAULT.H 58 : Illegal character ({)
Warning[207] H:\LRT6\LRT6_15\IFI_DEFAULT.H 59 : Found label after column 1. (unsigned)
Error[122]   H:\LRT6\LRT6_15\IFI_DEFAULT.H 59 : Illegal opcode (int)
Warning[207] H:\LRT6\LRT6_15\IFI_DEFAULT.H 60 : Found label after column 1. (unsigned)
Error[122]   H:\LRT6\LRT6_15\IFI_DEFAULT.H 60 : Illegal opcode (int)
Warning[207] H:\LRT6\LRT6_15\IFI_DEFAULT.H 61 : Found label after column 1. (unsigned)
Error[122]   H:\LRT6\LRT6_15\IFI_DEFAULT.H 61 : Illegal opcode (int)
Warning[207] H:\LRT6\LRT6_15\IFI_DEFAULT.H 62 : Found label after column 1. (unsigned)
Error[122]   H:\LRT6\LRT6_15\IFI_DEFAULT.H 62 : Illegal opcode (int)
Warning[207] H:\LRT6\LRT6_15\IFI_DEFAULT.H 63 : Found label after column 1. (unsigned)
Error[122]   H:\LRT6\LRT6_15\IFI_DEFAULT.H 63 : Illegal opcode (int)
Warning[207] H:\LRT6\LRT6_15\IFI_DEFAULT.H 64 : Found label after column 1. (unsigned)
Error[122]   H:\LRT6\LRT6_15\IFI_DEFAULT.H 64 : Illegal opcode (int)
Warning[207] H:\LRT6\LRT6_15\IFI_DEFAULT.H 65 : Found label after column 1. (unsigned)
Error[122]   H:\LRT6\LRT6_15\IFI_DEFAULT.H 65 : Illegal opcode (int)
Warning[207] H:\LRT6\LRT6_15\IFI_DEFAULT.H 66 : Found label after column 1. (unsigned)
Error[122]   H:\LRT6\LRT6_15\IFI_DEFAULT.H 66 : Illegal opcode (int)
Error[108]   H:\LRT6\LRT6_15\IFI_DEFAULT.H 67 : Illegal character (})
Error[108]   H:\LRT6\LRT6_15\IFI_DEFAULT.H 69 : Illegal character (/)
Error[108]   H:\LRT6\LRT6_15\IFI_DEFAULT.H 70 : Illegal character (/)
Error[108]   H:\LRT6\LRT6_15\IFI_DEFAULT.H 71 : Illegal character (/)
Error[108]   H:\LRT6\LRT6_15\IFI_DEFAULT.H 72 : Illegal character (*)
Error[122]   H:\LRT6\LRT6_15\IFI_DEFAULT.H 73 : Illegal opcode (struct)
Warning[207] H:\LRT6\LRT6_15\IFI_DEFAULT.H 74 : Found label after column 1. (unsigned)
Error[122]   H:\LRT6\LRT6_15\IFI_DEFAULT.H 74 : Illegal opcode (char)
Warning[207] H:\LRT6\LRT6_15\IFI_DEFAULT.H 75 : Found label after column 1. (union)
Error[150]   H:\LRT6\LRT6_15\IFI_DEFAULT.H 75 : Labels must be defined in a code or data section when making an object file
Error[108]   H:\LRT6\LRT6_15\IFI_DEFAULT.H 76 : Illegal character ({)
Warning[207] H:\LRT6\LRT6_15\IFI_DEFAULT.H 77 : Found label after column 1. (bitid)
Error[122]   H:\LRT6\LRT6_15\IFI_DEFAULT.H 77 : Illegal opcode (bitselect)
Warning[207] H:\LRT6\LRT6_15\IFI_DEFAULT.H 78 : Found label after column 1. (modebits)
Error[122]   H:\LRT6\LRT6_15\IFI_DEFAULT.H 78 : Illegal opcode (mode)
Warning[207] H:\LRT6\LRT6_15\IFI_DEFAULT.H 79 : Found label after column 1. (unsigned)
Error[122]   H:\LRT6\LRT6_15\IFI_DEFAULT.H 79 : Illegal opcode (char)
Error[108]   H:\LRT6\LRT6_15\IFI_DEFAULT.H 80 : Illegal character (})
Warning[207] H:\LRT6\LRT6_15\IFI_DEFAULT.H 81 : Found label after column 1. (union)
Error[150]   H:\LRT6\LRT6_15\IFI_DEFAULT.H 81 : Labels must be defined in a code or data section when making an object file
Error[108]   H:\LRT6\LRT6_15\IFI_DEFAULT.H 82 : Illegal character ({)
Warning[207] H:\LRT6\LRT6_15\IFI_DEFAULT.H 83 : Found label after column 1. (bitid)
Error[122]   H:\LRT6\LRT6_15\IFI_DEFAULT.H 83 : Illegal opcode (bitselect)
Warning[207] H:\LRT6\LRT6_15\IFI_DEFAULT.H 84 : Found label after column 1. (unsigned)
Error[122]   H:\LRT6\LRT6_15\IFI_DEFAULT.H 84 : Illegal opcode (char)
Error[108]   H:\LRT6\LRT6_15\IFI_DEFAULT.H 85 : Illegal character (})
Warning[207] H:\LRT6\LRT6_15\IFI_DEFAULT.H 86 : Found label after column 1. (union)
Error[150]   H:\LRT6\LRT6_15\IFI_DEFAULT.H 86 : Labels must be defined in a code or data section when making an object file
Error[108]   H:\LRT6\LRT6_15\IFI_DEFAULT.H 87 : Illegal character ({)
Warning[207] H:\LRT6\LRT6_15\IFI_DEFAULT.H 88 : Found label after column 1. (bitid)
Error[122]   H:\LRT6\LRT6_15\IFI_DEFAULT.H 88 : Illegal opcode (bitselect)
Warning[207] H:\LRT6\LRT6_15\IFI_DEFAULT.H 89 : Found label after column 1. (unsigned)
Error[122]   H:\LRT6\LRT6_15\IFI_DEFAULT.H 89 : Illegal opcode (char)
Error[108]   H:\LRT6\LRT6_15\IFI_DEFAULT.H 90 : Illegal character (})
Warning[207] H:\LRT6\LRT6_15\IFI_DEFAULT.H 91 : Found label after column 1. (union)
Error[150]   H:\LRT6\LRT6_15\IFI_DEFAULT.H 91 : Labels must be defined in a code or data section when making an object file
Error[108]   H:\LRT6\LRT6_15\IFI_DEFAULT.H 92 : Illegal character ({)
Warning[207] H:\LRT6\LRT6_15\IFI_DEFAULT.H 93 : Found label after column 1. (bitid)
Error[122]   H:\LRT6\LRT6_15\IFI_DEFAULT.H 93 : Illegal opcode (bitselect)
Warning[207] H:\LRT6\LRT6_15\IFI_DEFAULT.H 94 : Found label after column 1. (unsigned)
Error[122]   H:\LRT6\LRT6_15\IFI_DEFAULT.H 94 : Illegal opcode (char)
Error[108]   H:\LRT6\LRT6_15\IFI_DEFAULT.H 95 : Illegal character (})
Warning[207] H:\LRT6\LRT6_15\IFI_DEFAULT.H 96 : Found label after column 1. (union)
Error[150]   H:\LRT6\LRT6_15\IFI_DEFAULT.H 96 : Labels must be defined in a code or data section when making an object file
Error[108]   H:\LRT6\LRT6_15\IFI_DEFAULT.H 97 : Illegal character ({)
Warning[207] H:\LRT6\LRT6_15\IFI_DEFAULT.H 98 : Found label after column 1. (bitid)
Error[122]   H:\LRT6\LRT6_15\IFI_DEFAULT.H 98 : Illegal opcode (bitselect)
Warning[207] H:\LRT6\LRT6_15\IFI_DEFAULT.H 99 : Found label after column 1. (unsigned)
Error[122]   H:\LRT6\LRT6_15\IFI_DEFAULT.H 99 : Illegal opcode (char)
Error[108]   H:\LRT6\LRT6_15\IFI_DEFAULT.H 100 : Illegal character (})
Warning[207] H:\LRT6\LRT6_15\IFI_DEFAULT.H 101 : Found label after column 1. (unsigned)
Error[122]   H:\LRT6\LRT6_15\IFI_DEFAULT.H 101 : Illegal opcode (char)
Warning[207] H:\LRT6\LRT6_15\IFI_DEFAULT.H 102 : Found label after column 1. (unsigned)
Error[122]   H:\LRT6\LRT6_15\IFI_DEFAULT.H 102 : Illegal opcode (char)
Warning[207] H:\LRT6\LRT6_15\IFI_DEFAULT.H 103 : Found label after column 1. (unsigned)
Error[122]   H:\LRT6\LRT6_15\IFI_DEFAULT.H 103 : Illegal opcode (char)
Warning[207] H:\LRT6\LRT6_15\IFI_DEFAULT.H 104 : Found label after column 1. (unsigned)
Error[122]   H:\LRT6\LRT6_15\IFI_DEFAULT.H 104 : Illegal opcode (char)
Warning[207] H:\LRT6\LRT6_15\IFI_DEFAULT.H 105 : Found label after column 1. (unsigned)
Error[122]   H:\LRT6\LRT6_15\IFI_DEFAULT.H 105 : Illegal opcode (char)
Warning[207] H:\LRT6\LRT6_15\IFI_DEFAULT.H 106 : Found label after column 1. (unsigned)
Error[122]   H:\LRT6\LRT6_15\IFI_DEFAULT.H 106 : Illegal opcode (char)
Error[108]   H:\LRT6\LRT6_15\IFI_DEFAULT.H 107 : Illegal character (})
Error[122]   H:\LRT6\LRT6_15\IFI_DEFAULT.H 109 : Illegal opcode (rx_data_record)
Error[108]   H:\LRT6\LRT6_15\IFI_DEFAULT.H 111 : Illegal character (/)
Error[108]   H:\LRT6\LRT6_15\IFI_DEFAULT.H 112 : Illegal character (/)
Error[108]   H:\LRT6\LRT6_15\IFI_DEFAULT.H 113 : Illegal character (/)
Error[108]   H:\LRT6\LRT6_15\IFI_DEFAULT.H 114 : Illegal character (*)
Error[122]   H:\LRT6\LRT6_15\IFI_DEFAULT.H 115 : Illegal opcode (struct)
Warning[207] H:\LRT6\LRT6_15\IFI_DEFAULT.H 116 : Found label after column 1. (union)
Error[150]   H:\LRT6\LRT6_15\IFI_DEFAULT.H 116 : Labels must be defined in a code or data section when making an object file
Error[108]   H:\LRT6\LRT6_15\IFI_DEFAULT.H 117 : Illegal character ({)
Warning[207] H:\LRT6\LRT6_15\IFI_DEFAULT.H 118 : Found label after column 1. (bitid)
Error[122]   H:\LRT6\LRT6_15\IFI_DEFAULT.H 118 : Illegal opcode (bitselect)
Warning[207] H:\LRT6\LRT6_15\IFI_DEFAULT.H 119 : Found label after column 1. (unsigned)
Error[122]   H:\LRT6\LRT6_15\IFI_DEFAULT.H 119 : Illegal opcode (char)
Error[108]   H:\LRT6\LRT6_15\IFI_DEFAULT.H 120 : Illegal character (})
Warning[207] H:\LRT6\LRT6_15\IFI_DEFAULT.H 121 : Found label after column 1. (union)
Error[150]   H:\LRT6\LRT6_15\IFI_DEFAULT.H 121 : Labels must be defined in a code or data section when making an object file
Error[108]   H:\LRT6\LRT6_15\IFI_DEFAULT.H 122 : Illegal character ({)
Warning[207] H:\LRT6\LRT6_15\IFI_DEFAULT.H 123 : Found label after column 1. (bitid)
Error[122]   H:\LRT6\LRT6_15\IFI_DEFAULT.H 123 : Illegal opcode (bitselect)
Warning[207] H:\LRT6\LRT6_15\IFI_DEFAULT.H 124 : Found label after column 1. (unsigned)
Error[122]   H:\LRT6\LRT6_15\IFI_DEFAULT.H 124 : Illegal opcode (char)
Error[108]   H:\LRT6\LRT6_15\IFI_DEFAULT.H 125 : Illegal character (})
Warning[207] H:\LRT6\LRT6_15\IFI_DEFAULT.H 126 : Found label after column 1. (union)
Error[150]   H:\LRT6\LRT6_15\IFI_DEFAULT.H 126 : Labels must be defined in a code or data section when making an object file
Error[108]   H:\LRT6\LRT6_15\IFI_DEFAULT.H 127 : Illegal character ({)
Warning[207] H:\LRT6\LRT6_15\IFI_DEFAULT.H 128 : Found label after column 1. (bitid)
Error[122]   H:\LRT6\LRT6_15\IFI_DEFAULT.H 128 : Illegal opcode (bitselect)
Warning[207] H:\LRT6\LRT6_15\IFI_DEFAULT.H 129 : Found label after column 1. (unsigned)
Error[122]   H:\LRT6\LRT6_15\IFI_DEFAULT.H 129 : Illegal opcode (char)
Error[108]   H:\LRT6\LRT6_15\IFI_DEFAULT.H 130 : Illegal character (})
Warning[207] H:\LRT6\LRT6_15\IFI_DEFAULT.H 131 : Found label after column 1. (union)
Error[150]   H:\LRT6\LRT6_15\IFI_DEFAULT.H 131 : Labels must be defined in a code or data section when making an object file
Error[108]   H:\LRT6\LRT6_15\IFI_DEFAULT.H 132 : Illegal character ({)
Warning[207] H:\LRT6\LRT6_15\IFI_DEFAULT.H 133 : Found label after column 1. (bitid)
Error[122]   H:\LRT6\LRT6_15\IFI_DEFAULT.H 133 : Illegal opcode (bitselect)
Warning[207] H:\LRT6\LRT6_15\IFI_DEFAULT.H 134 : Found label after column 1. (unsigned)
Error[122]   H:\LRT6\LRT6_15\IFI_DEFAULT.H 134 : Illegal opcode (char)
Error[108]   H:\LRT6\LRT6_15\IFI_DEFAULT.H 135 : Illegal character (})
Warning[207] H:\LRT6\LRT6_15\IFI_DEFAULT.H 136 : Found label after column 1. (unsigned)
Error[122]   H:\LRT6\LRT6_15\IFI_DEFAULT.H 136 : Illegal opcode (char)
Warning[207] H:\LRT6\LRT6_15\IFI_DEFAULT.H 137 : Found label after column 1. (unsigned)
Error[122]   H:\LRT6\LRT6_15\IFI_DEFAULT.H 137 : Illegal opcode (char)
Warning[207] H:\LRT6\LRT6_15\IFI_DEFAULT.H 138 : Found label after column 1. (unsigned)
Error[122]   H:\LRT6\LRT6_15\IFI_DEFAULT.H 138 : Illegal opcode (char)
Warning[207] H:\LRT6\LRT6_15\IFI_DEFAULT.H 139 : Found label after column 1. (unsigned)
Error[122]   H:\LRT6\LRT6_15\IFI_DEFAULT.H 139 : Illegal opcode (char)
Warning[207] H:\LRT6\LRT6_15\IFI_DEFAULT.H 141 : Found label after column 1. (unsigned)
Error[122]   H:\LRT6\LRT6_15\IFI_DEFAULT.H 141 : Illegal opcode (char)
Warning[207] H:\LRT6\LRT6_15\IFI_DEFAULT.H 142 : Found label after column 1. (unsigned)
Error[122]   H:\LRT6\LRT6_15\IFI_DEFAULT.H 142 : Illegal opcode (char)
Warning[207] H:\LRT6\LRT6_15\IFI_DEFAULT.H 143 : Found label after column 1. (unsigned)
Error[122]   H:\LRT6\LRT6_15\IFI_DEFAULT.H 143 : Illegal opcode (char)
Warning[207] H:\LRT6\LRT6_15\IFI_DEFAULT.H 144 : Found label after column 1. (unsigned)
Error[122]   H:\LRT6\LRT6_15\IFI_DEFAULT.H 144 : Illegal opcode (char)
Warning[207] H:\LRT6\LRT6_15\IFI_DEFAULT.H 145 : Found label after column 1. (unsigned)
Error[122]   H:\LRT6\LRT6_15\IFI_DEFAULT.H 145 : Illegal opcode (char)
Warning[207] H:\LRT6\LRT6_15\IFI_DEFAULT.H 146 : Found label after column 1. (unsigned)
Error[122]   H:\LRT6\LRT6_15\IFI_DEFAULT.H 146 : Illegal opcode (char)
Warning[207] H:\LRT6\LRT6_15\IFI_DEFAULT.H 147 : Found label after column 1. (unsigned)
Error[122]   H:\LRT6\LRT6_15\IFI_DEFAULT.H 147 : Illegal opcode (char)
Warning[207] H:\LRT6\LRT6_15\IFI_DEFAULT.H 148 : Found label after column 1. (unsigned)
Error[122]   H:\LRT6\LRT6_15\IFI_DEFAULT.H 148 : Illegal opcode (char)
Warning[207] H:\LRT6\LRT6_15\IFI_DEFAULT.H 149 : Found label after column 1. (unsigned)
Error[122]   H:\LRT6\LRT6_15\IFI_DEFAULT.H 149 : Illegal opcode (char)
Warning[207] H:\LRT6\LRT6_15\IFI_DEFAULT.H 150 : Found label after column 1. (unsigned)
Error[122]   H:\LRT6\LRT6_15\IFI_DEFAULT.H 150 : Illegal opcode (char)
Warning[207] H:\LRT6\LRT6_15\IFI_DEFAULT.H 151 : Found label after column 1. (unsigned)
Error[122]   H:\LRT6\LRT6_15\IFI_DEFAULT.H 151 : Illegal opcode (char)
Warning[207] H:\LRT6\LRT6_15\IFI_DEFAULT.H 152 : Found label after column 1. (unsigned)
Error[122]   H:\LRT6\LRT6_15\IFI_DEFAULT.H 152 : Illegal opcode (char)
Error[108]   H:\LRT6\LRT6_15\IFI_DEFAULT.H 153 : Illegal character (})
Error[122]   H:\LRT6\LRT6_15\IFI_DEFAULT.H 155 : Illegal opcode (tx_data_record)
Error[108]   H:\LRT6\LRT6_15\IFI_DEFAULT.H 158 : Illegal character (/)
Error[108]   H:\LRT6\LRT6_15\IFI_DEFAULT.H 159 : Illegal character (/)
Error[108]   H:\LRT6\LRT6_15\IFI_DEFAULT.H 160 : Illegal character (/)
Error[122]   H:\LRT6\LRT6_15\IFI_DEFAULT.H 162 : Illegal opcode (struct)
Error[108]   H:\LRT6\LRT6_15\IFI_DEFAULT.H 163 : Illegal character ({)
Warning[207] H:\LRT6\LRT6_15\IFI_DEFAULT.H 164 : Found label after column 1. (unsigned)
Error[122]   H:\LRT6\LRT6_15\IFI_DEFAULT.H 164 : Illegal opcode (int)
Warning[207] H:\LRT6\LRT6_15\IFI_DEFAULT.H 165 : Found label after column 1. (unsigned)
Error[122]   H:\LRT6\LRT6_15\IFI_DEFAULT.H 165 : Illegal opcode (int)
Warning[207] H:\LRT6\LRT6_15\IFI_DEFAULT.H 166 : Found label after column 1. (unsigned)
Error[122]   H:\LRT6\LRT6_15\IFI_DEFAULT.H 166 : Illegal opcode (int)
Warning[207] H:\LRT6\LRT6_15\IFI_DEFAULT.H 167 : Found label after column 1. (unsigned)
Error[122]   H:\LRT6\LRT6_15\IFI_DEFAULT.H 167 : Illegal opcode (int)
Warning[207] H:\LRT6\LRT6_15\IFI_DEFAULT.H 168 : Found label after column 1. (unsigned)
Error[122]   H:\LRT6\LRT6_15\IFI_DEFAULT.H 168 : Illegal opcode (int)
Warning[207] H:\LRT6\LRT6_15\IFI_DEFAULT.H 169 : Found label after column 1. (unsigned)
Error[122]   H:\LRT6\LRT6_15\IFI_DEFAULT.H 169 : Illegal opcode (int)
Warning[207] H:\LRT6\LRT6_15\IFI_DEFAULT.H 170 : Found label after column 1. (unsigned)
Error[122]   H:\LRT6\LRT6_15\IFI_DEFAULT.H 170 : Illegal opcode (int)
Error[108]   H:\LRT6\LRT6_15\IFI_DEFAULT.H 171 : Illegal character (})
Error[108]   H:\LRT6\LRT6_15\IFI_DEFAULT.H 173 : Illegal character (/)
Warning[205] H:\LRT6\LRT6_15\IFI_DEFAULT.H 175 : Found directive in column 1. (extern)
Error[121]   H:\LRT6\LRT6_15\IFI_DEFAULT.H 175 : Illegal label (tx_data_record txdata)
Warning[205] H:\LRT6\LRT6_15\IFI_DEFAULT.H 176 : Found directive in column 1. (extern)
Error[121]   H:\LRT6\LRT6_15\IFI_DEFAULT.H 176 : Illegal label (rx_data_record rxdata)
Warning[205] H:\LRT6\LRT6_15\IFI_DEFAULT.H 177 : Found directive in column 1. (extern)
Error[121]   H:\LRT6\LRT6_15\IFI_DEFAULT.H 177 : Illegal label (packed_struct statusflag)
Error[108]   H:\LRT6\LRT6_15\IFI_DEFAULT.H 183 : Illegal character (/)
Warning[207] H:\LRT6\LRT6_15\IFI_DEFAULT.H 184 : Found label after column 1. (FUNCTION)
Error[122]   H:\LRT6\LRT6_15\IFI_DEFAULT.H 184 : Illegal opcode (PROTOTYPES)
Error[108]   H:\LRT6\LRT6_15\IFI_DEFAULT.H 185 : Illegal character (*)
Error[108]   H:\LRT6\LRT6_15\IFI_DEFAULT.H 187 : Illegal character (/)
Error[108]   H:\LRT6\LRT6_15\IFI_DEFAULT.H 188 : Illegal character (/)
Error[108]   H:\LRT6\LRT6_15\IFI_DEFAULT.H 189 : Illegal character (*)
Error[108]   H:\LRT6\LRT6_15\IFI_DEFAULT.H 190 : Illegal character (*)
Error[108]   H:\LRT6\LRT6_15\IFI_DEFAULT.H 191 : Illegal character (*)
Error[108]   H:\LRT6\LRT6_15\IFI_DEFAULT.H 192 : Illegal character (*)
Error[108]   H:\LRT6\LRT6_15\IFI_DEFAULT.H 193 : Illegal character (*)
Error[108]   H:\LRT6\LRT6_15\IFI_DEFAULT.H 194 : Illegal character (*)
Error[122]   H:\LRT6\LRT6_15\IFI_DEFAULT.H 195 : Illegal opcode (InterruptHandlerHigh)
Error[122]   H:\LRT6\LRT6_15\IFI_DEFAULT.H 197 : Illegal opcode (Initialize_Registers)
Error[108]   H:\LRT6\LRT6_15\IFI_DEFAULT.H 198 : Illegal character (/)
Error[108]   H:\LRT6\LRT6_15\IFI_DEFAULT.H 199 : Illegal character (*)
Error[108]   H:\LRT6\LRT6_15\IFI_DEFAULT.H 200 : Illegal character (*)
Error[108]   H:\LRT6\LRT6_15\IFI_DEFAULT.H 201 : Illegal character (*)
Error[108]   H:\LRT6\LRT6_15\IFI_DEFAULT.H 202 : Illegal character (*)
Error[108]   H:\LRT6\LRT6_15\IFI_DEFAULT.H 203 : Illegal character (*)
Error[108]   H:\LRT6\LRT6_15\IFI_DEFAULT.H 204 : Illegal character (*)
Error[122]   H:\LRT6\LRT6_15\IFI_DEFAULT.H 205 : Illegal opcode (IFI_Initialization)
Error[108]   H:\LRT6\LRT6_15\IFI_DEFAULT.H 207 : Illegal character (/)
Error[108]   H:\LRT6\LRT6_15\IFI_DEFAULT.H 208 : Illegal character (*)
Error[108]   H:\LRT6\LRT6_15\IFI_DEFAULT.H 209 : Illegal character (*)
Error[108]   H:\LRT6\LRT6_15\IFI_DEFAULT.H 210 : Illegal character (*)
Error[108]   H:\LRT6\LRT6_15\IFI_DEFAULT.H 211 : Illegal character (*)
Error[108]   H:\LRT6\LRT6_15\IFI_DEFAULT.H 212 : Illegal character (*)
Error[108]   H:\LRT6\LRT6_15\IFI_DEFAULT.H 213 : Illegal character (*)
Error[108]   H:\LRT6\LRT6_15\IFI_DEFAULT.H 214 : Illegal character (*)
Error[108]   H:\LRT6\LRT6_15\IFI_DEFAULT.H 215 : Illegal character (*)
Error[122]   H:\LRT6\LRT6_15\IFI_DEFAULT.H 216 : Illegal opcode (User_Proc_Is_Ready)
Error[108]   H:\LRT6\LRT6_15\IFI_DEFAULT.H 218 : Illegal character (/)
Error[108]   H:\LRT6\LRT6_15\IFI_DEFAULT.H 219 : Illegal character (*)
Error[108]   H:\LRT6\LRT6_15\IFI_DEFAULT.H 220 : Illegal character (*)
Error[108]   H:\LRT6\LRT6_15\IFI_DEFAULT.H 221 : Illegal character (*)
Error[108]   H:\LRT6\LRT6_15\IFI_DEFAULT.H 222 : Illegal character (*)
Error[108]   H:\LRT6\LRT6_15\IFI_DEFAULT.H 223 : Illegal character (*)
Error[108]   H:\LRT6\LRT6_15\IFI_DEFAULT.H 224 : Illegal character (*)
Error[108]   H:\LRT6\LRT6_15\IFI_DEFAULT.H 225 : Illegal character (*)
Error[108]   H:\LRT6\LRT6_15\IFI_DEFAULT.H 226 : Illegal character (*)
Error[108]   H:\LRT6\LRT6_15\IFI_DEFAULT.H 227 : Illegal character (*)
Error[108]   H:\LRT6\LRT6_15\IFI_DEFAULT.H 228 : Illegal character (*)
Error[122]   H:\LRT6\LRT6_15\IFI_DEFAULT.H 229 : Illegal opcode (Putdata)
Error[108]   H:\LRT6\LRT6_15\IFI_DEFAULT.H 231 : Illegal character (/)
Error[108]   H:\LRT6\LRT6_15\IFI_DEFAULT.H 232 : Illegal character (*)
Error[108]   H:\LRT6\LRT6_15\IFI_DEFAULT.H 233 : Illegal character (*)
Error[108]   H:\LRT6\LRT6_15\IFI_DEFAULT.H 234 : Illegal character (*)
Error[108]   H:\LRT6\LRT6_15\IFI_DEFAULT.H 235 : Illegal character (*)
Error[108]   H:\LRT6\LRT6_15\IFI_DEFAULT.H 236 : Illegal character (*)
Error[108]   H:\LRT6\LRT6_15\IFI_DEFAULT.H 237 : Illegal character (*)
Error[108]   H:\LRT6\LRT6_15\IFI_DEFAULT.H 238 : Illegal character (*)
Error[108]   H:\LRT6\LRT6_15\IFI_DEFAULT.H 239 : Illegal character (*)
Error[108]   H:\LRT6\LRT6_15\IFI_DEFAULT.H 240 : Illegal character (*)
Error[108]   H:\LRT6\LRT6_15\IFI_DEFAULT.H 241 : Illegal character (*)
Error[122]   H:\LRT6\LRT6_15\IFI_DEFAULT.H 242 : Illegal opcode (Getdata)
Error[108]   H:\LRT6\LRT6_15\IFI_DEFAULT.H 244 : Illegal character (/)
Error[108]   H:\LRT6\LRT6_15\IFI_DEFAULT.H 245 : Illegal character (*)
Error[108]   H:\LRT6\LRT6_15\IFI_DEFAULT.H 246 : Illegal character (*)
Error[108]   H:\LRT6\LRT6_15\IFI_DEFAULT.H 247 : Illegal character (*)
Error[108]   H:\LRT6\LRT6_15\IFI_DEFAULT.H 248 : Illegal character (*)
Error[108]   H:\LRT6\LRT6_15\IFI_DEFAULT.H 249 : Illegal character (*)
Error[108]   H:\LRT6\LRT6_15\IFI_DEFAULT.H 250 : Illegal character (*)
Error[108]   H:\LRT6\LRT6_15\IFI_DEFAULT.H 251 : Illegal character (*)
Error[108]   H:\LRT6\LRT6_15\IFI_DEFAULT.H 252 : Illegal character (*)
Error[108]   H:\LRT6\LRT6_15\IFI_DEFAULT.H 253 : Illegal character (*)
Error[108]   H:\LRT6\LRT6_15\IFI_DEFAULT.H 254 : Illegal character (*)
Error[108]   H:\LRT6\LRT6_15\IFI_DEFAULT.H 255 : Illegal character (*)
Error[108]   H:\LRT6\LRT6_15\IFI_DEFAULT.H 256 : Illegal character (*)
Error[122]   H:\LRT6\LRT6_15\IFI_DEFAULT.H 257 : Illegal opcode (Setup_PWM_Output_Type)
Error[108]   H:\LRT6\LRT6_15\IFI_DEFAULT.H 261 : Illegal character (/)
Error[108]   H:\LRT6\LRT6_15\IFI_DEFAULT.H 262 : Illegal character (/)
Error[108]   H:\LRT6\LRT6_15\IFI_DEFAULT.H 263 : Illegal character (/)
Error[108]   H:\LRT6\LRT6_15\IFI_ALIASES.H 1 : Illegal character (/)
Error[108]   H:\LRT6\LRT6_15\IFI_ALIASES.H 2 : Illegal character (*)
Error[108]   H:\LRT6\LRT6_15\IFI_ALIASES.H 3 : Illegal character (*)
Error[108]   H:\LRT6\LRT6_15\IFI_ALIASES.H 4 : Illegal character (*)
Error[108]   H:\LRT6\LRT6_15\IFI_ALIASES.H 5 : Illegal character (*)
Error[108]   H:\LRT6\LRT6_15\IFI_ALIASES.H 6 : Illegal character (*)
Error[108]   H:\LRT6\LRT6_15\IFI_ALIASES.H 7 : Illegal character (*)
Error[108]   H:\LRT6\LRT6_15\IFI_ALIASES.H 8 : Illegal character (*)
Error[108]   H:\LRT6\LRT6_15\IFI_ALIASES.H 9 : Illegal character (*)
Error[108]   H:\LRT6\LRT6_15\IFI_ALIASES.H 10 : Illegal character (*)
Error[108]   H:\LRT6\LRT6_15\IFI_ALIASES.H 11 : Illegal character (*)
Error[108]   H:\LRT6\LRT6_15\IFI_ALIASES.H 12 : Illegal character (*)
Error[108]   H:\LRT6\LRT6_15\IFI_ALIASES.H 13 : Illegal character (*)
Error[105]   H:\LRT6\LRT6_15\IFI_ALIASES.H 18 : Cannot open file (Include File "adc.h" not found)
Error[108]   H:\LRT6\LRT6_15\IFI_ALIASES.H 20 : Illegal character (/)
Error[108]   H:\LRT6\LRT6_15\IFI_ALIASES.H 24 : Illegal character (/)
Error[108]   H:\LRT6\LRT6_15\IFI_ALIASES.H 25 : Illegal character (*)
Error[108]   H:\LRT6\LRT6_15\IFI_ALIASES.H 26 : Illegal character (*)
Error[108]   H:\LRT6\LRT6_15\IFI_ALIASES.H 27 : Illegal character (*)
Error[108]   H:\LRT6\LRT6_15\IFI_ALIASES.H 28 : Illegal character (*)
Error[108]   H:\LRT6\LRT6_15\IFI_ALIASES.H 29 : Illegal character (*)
Error[108]   H:\LRT6\LRT6_15\IFI_ALIASES.H 47 : Illegal character (/)
Error[108]   H:\LRT6\LRT6_15\IFI_ALIASES.H 48 : Illegal character (*)
Error[108]   H:\LRT6\LRT6_15\IFI_ALIASES.H 49 : Illegal character (*)
Error[108]   H:\LRT6\LRT6_15\IFI_ALIASES.H 50 : Illegal character (*)
Error[108]   H:\LRT6\LRT6_15\IFI_ALIASES.H 51 : Illegal character (*)
Error[108]   H:\LRT6\LRT6_15\IFI_ALIASES.H 52 : Illegal character (*)
Error[108]   H:\LRT6\LRT6_15\IFI_ALIASES.H 53 : Illegal character (*)
Error[108]   H:\LRT6\LRT6_15\IFI_ALIASES.H 54 : Illegal character (*)
Error[108]   H:\LRT6\LRT6_15\IFI_ALIASES.H 55 : Illegal character (*)
Error[108]   H:\LRT6\LRT6_15\IFI_ALIASES.H 76 : Illegal character (/)
Error[108]   H:\LRT6\LRT6_15\IFI_ALIASES.H 77 : Illegal character (*)
Error[108]   H:\LRT6\LRT6_15\IFI_ALIASES.H 78 : Illegal character (*)
Error[108]   H:\LRT6\LRT6_15\IFI_ALIASES.H 79 : Illegal character (*)
Error[108]   H:\LRT6\LRT6_15\IFI_ALIASES.H 80 : Illegal character (*)
Error[108]   H:\LRT6\LRT6_15\IFI_ALIASES.H 81 : Illegal character (*)
Error[108]   H:\LRT6\LRT6_15\IFI_ALIASES.H 82 : Illegal character (*)
Error[108]   H:\LRT6\LRT6_15\IFI_ALIASES.H 87 : Illegal character (/)
Error[108]   H:\LRT6\LRT6_15\IFI_ALIASES.H 88 : Illegal character (/)
Error[108]   H:\LRT6\LRT6_15\IFI_ALIASES.H 108 : Illegal character (/)
Error[108]   H:\LRT6\LRT6_15\IFI_ALIASES.H 128 : Illegal character (/)
Error[108]   H:\LRT6\LRT6_15\IFI_ALIASES.H 148 : Illegal character (/)
Error[108]   H:\LRT6\LRT6_15\IFI_ALIASES.H 149 : Illegal character (*)
Error[108]   H:\LRT6\LRT6_15\IFI_ALIASES.H 150 : Illegal character (*)
Error[108]   H:\LRT6\LRT6_15\IFI_ALIASES.H 151 : Illegal character (*)
Error[108]   H:\LRT6\LRT6_15\IFI_ALIASES.H 152 : Illegal character (*)
Error[108]   H:\LRT6\LRT6_15\IFI_ALIASES.H 153 : Illegal character (*)
Error[108]   H:\LRT6\LRT6_15\IFI_ALIASES.H 171 : Illegal character (/)
Error[108]   H:\LRT6\LRT6_15\IFI_ALIASES.H 172 : Illegal character (*)
Error[108]   H:\LRT6\LRT6_15\IFI_ALIASES.H 173 : Illegal character (*)
Error[108]   H:\LRT6\LRT6_15\IFI_ALIASES.H 174 : Illegal character (*)
Error[108]   H:\LRT6\LRT6_15\IFI_ALIASES.H 175 : Illegal character (*)
Error[108]   H:\LRT6\LRT6_15\IFI_ALIASES.H 176 : Illegal character (*)
Error[108]   H:\LRT6\LRT6_15\IFI_ALIASES.H 177 : Illegal character (*)
Error[108]   H:\LRT6\LRT6_15\IFI_ALIASES.H 195 : Illegal character (/)
Error[108]   H:\LRT6\LRT6_15\IFI_ALIASES.H 196 : Illegal character (*)
Error[108]   H:\LRT6\LRT6_15\IFI_ALIASES.H 197 : Illegal character (*)
Error[108]   H:\LRT6\LRT6_15\IFI_ALIASES.H 198 : Illegal character (*)
Error[108]   H:\LRT6\LRT6_15\IFI_ALIASES.H 199 : Illegal character (*)
Error[108]   H:\LRT6\LRT6_15\IFI_ALIASES.H 200 : Illegal character (*)
Error[108]   H:\LRT6\LRT6_15\IFI_ALIASES.H 201 : Illegal character (*)
Error[108]   H:\LRT6\LRT6_15\IFI_ALIASES.H 221 : Illegal character (/)
Error[108]   H:\LRT6\LRT6_15\IFI_ALIASES.H 222 : Illegal character (*)
Error[108]   H:\LRT6\LRT6_15\IFI_ALIASES.H 223 : Illegal character (*)
Error[108]   H:\LRT6\LRT6_15\IFI_ALIASES.H 224 : Illegal character (*)
Error[108]   H:\LRT6\LRT6_15\IFI_ALIASES.H 225 : Illegal character (*)
Error[108]   H:\LRT6\LRT6_15\IFI_ALIASES.H 226 : Illegal character (*)
Error[108]   H:\LRT6\LRT6_15\IFI_ALIASES.H 249 : Illegal character (/)
Error[108]   H:\LRT6\LRT6_15\IFI_ALIASES.H 250 : Illegal character (*)
Error[108]   H:\LRT6\LRT6_15\IFI_ALIASES.H 251 : Illegal character (*)
Error[108]   H:\LRT6\LRT6_15\IFI_ALIASES.H 252 : Illegal character (*)
Error[108]   H:\LRT6\LRT6_15\IFI_ALIASES.H 253 : Illegal character (*)
Error[108]   H:\LRT6\LRT6_15\IFI_ALIASES.H 254 : Illegal character (*)
Error[108]   H:\LRT6\LRT6_15\IFI_ALIASES.H 255 : Illegal character (*)
Error[108]   H:\LRT6\LRT6_15\IFI_ALIASES.H 256 : Illegal character (*)
Error[108]   H:\LRT6\LRT6_15\IFI_ALIASES.H 257 : Illegal character (*)
Error[108]   H:\LRT6\LRT6_15\IFI_ALIASES.H 258 : Illegal character (*)
Error[108]   H:\LRT6\LRT6_15\IFI_ALIASES.H 259 : Illegal character (*)
Error[108]   H:\LRT6\LRT6_15\IFI_ALIASES.H 260 : Illegal character (*)
Error[108]   H:\LRT6\LRT6_15\IFI_ALIASES.H 261 : Illegal character (*)
Error[108]   H:\LRT6\LRT6_15\IFI_ALIASES.H 262 : Illegal character (*)
Error[108]   H:\LRT6\LRT6_15\IFI_ALIASES.H 263 : Illegal character (*)
Error[108]   H:\LRT6\LRT6_15\IFI_ALIASES.H 264 : Illegal character (*)
Error[108]   H:\LRT6\LRT6_15\IFI_ALIASES.H 265 : Illegal character (/)
Error[108]   H:\LRT6\LRT6_15\IFI_ALIASES.H 271 : Illegal character (/)
Error[108]   H:\LRT6\LRT6_15\IFI_ALIASES.H 277 : Illegal character (/)
Error[108]   H:\LRT6\LRT6_15\IFI_ALIASES.H 283 : Illegal character (/)
Error[108]   H:\LRT6\LRT6_15\IFI_ALIASES.H 284 : Illegal character (*)
Error[108]   H:\LRT6\LRT6_15\IFI_ALIASES.H 285 : Illegal character (*)
Error[108]   H:\LRT6\LRT6_15\IFI_ALIASES.H 286 : Illegal character (*)
Error[108]   H:\LRT6\LRT6_15\IFI_ALIASES.H 287 : Illegal character (*)
Error[108]   H:\LRT6\LRT6_15\IFI_ALIASES.H 288 : Illegal character (*)
Error[108]   H:\LRT6\LRT6_15\IFI_ALIASES.H 292 : Illegal character (/)
Error[108]   H:\LRT6\LRT6_15\IFI_ALIASES.H 293 : Illegal character (*)
Error[108]   H:\LRT6\LRT6_15\IFI_ALIASES.H 294 : Illegal character (*)
Error[108]   H:\LRT6\LRT6_15\IFI_ALIASES.H 295 : Illegal character (*)
Error[108]   H:\LRT6\LRT6_15\IFI_ALIASES.H 296 : Illegal character (*)
Error[108]   H:\LRT6\LRT6_15\IFI_ALIASES.H 297 : Illegal character (*)
Error[108]   H:\LRT6\LRT6_15\IFI_ALIASES.H 298 : Illegal character (*)
Error[108]   H:\LRT6\LRT6_15\IFI_ALIASES.H 303 : Illegal character (/)
Error[108]   H:\LRT6\LRT6_15\IFI_ALIASES.H 304 : Illegal character (*)
Error[108]   H:\LRT6\LRT6_15\IFI_ALIASES.H 305 : Illegal character (*)
Error[108]   H:\LRT6\LRT6_15\IFI_ALIASES.H 306 : Illegal character (*)
Error[108]   H:\LRT6\LRT6_15\IFI_ALIASES.H 307 : Illegal character (*)
Error[108]   H:\LRT6\LRT6_15\IFI_ALIASES.H 308 : Illegal character (*)
Error[108]   H:\LRT6\LRT6_15\IFI_ALIASES.H 309 : Illegal character (*)
Error[108]   H:\LRT6\LRT6_15\IFI_ALIASES.H 317 : Illegal character (/)
Error[108]   H:\LRT6\LRT6_15\IFI_ALIASES.H 318 : Illegal character (/)
Error[108]   H:\LRT6\LRT6_15\IFI_ALIASES.H 319 : Illegal character (/)
Error[108]   H:\LRT6\LRT6_15\IFI_UTILITIES.H 1 : Illegal character (/)
Error[108]   H:\LRT6\LRT6_15\IFI_UTILITIES.H 2 : Illegal character (*)
Error[108]   H:\LRT6\LRT6_15\IFI_UTILITIES.H 3 : Illegal character (*)
Error[108]   H:\LRT6\LRT6_15\IFI_UTILITIES.H 4 : Illegal character (*)
Error[108]   H:\LRT6\LRT6_15\IFI_UTILITIES.H 5 : Illegal character (*)
Error[108]   H:\LRT6\LRT6_15\IFI_UTILITIES.H 6 : Illegal character (*)
Error[108]   H:\LRT6\LRT6_15\IFI_UTILITIES.H 7 : Illegal character (*)
Error[108]   H:\LRT6\LRT6_15\IFI_UTILITIES.H 8 : Illegal character (*)
Error[108]   H:\LRT6\LRT6_15\IFI_UTILITIES.H 9 : Illegal character (*)
Error[108]   H:\LRT6\LRT6_15\IFI_UTILITIES.H 10 : Illegal character (*)
Error[108]   H:\LRT6\LRT6_15\IFI_UTILITIES.H 11 : Illegal character (*)
Error[121]   H:\LRT6\LRT6_15\IFI_UTILITIES.H 16 : Illegal label (_SNOOP_ON_COM1    /* FOR FUTURE USE */)
Error[108]   H:\LRT6\LRT6_15\IFI_UTILITIES.H 42 : Illegal character (/)
Error[135]   H:\LRT6\LRT6_15\IFI_UTILITIES.H 43 : Macro name missing
Error[108]   H:\LRT6\LRT6_15\IFI_UTILITIES.H 44 : Illegal character (*)
Error[122]   H:\LRT6\LRT6_15\IFI_UTILITIES.H 46 : Illegal opcode (enum)
Error[108]   H:\LRT6\LRT6_15\IFI_UTILITIES.H 47 : Illegal character ({)
Warning[207] H:\LRT6\LRT6_15\IFI_UTILITIES.H 48 : Found label after column 1. (baud_19)
Error[108]   H:\LRT6\LRT6_15\IFI_UTILITIES.H 48 : Illegal character (,)
Warning[207] H:\LRT6\LRT6_15\IFI_UTILITIES.H 49 : Found label after column 1. (baud_38)
Error[108]   H:\LRT6\LRT6_15\IFI_UTILITIES.H 49 : Illegal character (,)
Warning[207] H:\LRT6\LRT6_15\IFI_UTILITIES.H 50 : Found label after column 1. (baud_56)
Error[108]   H:\LRT6\LRT6_15\IFI_UTILITIES.H 50 : Illegal character (,)
Warning[207] H:\LRT6\LRT6_15\IFI_UTILITIES.H 51 : Found label after column 1. (baud_115)
Error[108]   H:\LRT6\LRT6_15\IFI_UTILITIES.H 52 : Illegal character (})
Error[108]   H:\LRT6\LRT6_15\IFI_UTILITIES.H 55 : Illegal character (/)
Warning[207] H:\LRT6\LRT6_15\IFI_UTILITIES.H 56 : Found label after column 1. (FUNCTION)
Error[122]   H:\LRT6\LRT6_15\IFI_UTILITIES.H 56 : Illegal opcode (PROTOTYPES)
Error[108]   H:\LRT6\LRT6_15\IFI_UTILITIES.H 57 : Illegal character (*)
Error[122]   H:\LRT6\LRT6_15\IFI_UTILITIES.H 59 : Illegal opcode (Hex_output)
Error[108]   H:\LRT6\LRT6_15\IFI_UTILITIES.H 66 : Illegal character (/)
Error[122]   H:\LRT6\LRT6_15\IFI_UTILITIES.H 67 : Illegal opcode (Generate_Pwms)
Warning[207] H:\LRT6\LRT6_15\IFI_UTILITIES.H 68 : Found label after column 1. (unsigned)
Error[122]   H:\LRT6\LRT6_15\IFI_UTILITIES.H 68 : Illegal opcode (char)
Warning[207] H:\LRT6\LRT6_15\IFI_UTILITIES.H 69 : Found label after column 1. (unsigned)
Error[122]   H:\LRT6\LRT6_15\IFI_UTILITIES.H 69 : Illegal opcode (char)
Warning[207] H:\LRT6\LRT6_15\IFI_UTILITIES.H 70 : Found label after column 1. (unsigned)
Error[122]   H:\LRT6\LRT6_15\IFI_UTILITIES.H 70 : Illegal opcode (char)
Error[108]   H:\LRT6\LRT6_15\IFI_UTILITIES.H 73 : Illegal character (/)
Error[122]   H:\LRT6\LRT6_15\IFI_UTILITIES.H 74 : Illegal opcode (Wait4TXEmpty)
Error[122]   H:\LRT6\LRT6_15\IFI_UTILITIES.H 75 : Illegal opcode (PrintByte)
Error[122]   H:\LRT6\LRT6_15\IFI_UTILITIES.H 76 : Illegal opcode (PrintWord)
Error[122]   H:\LRT6\LRT6_15\IFI_UTILITIES.H 77 : Illegal opcode (DisplayBufr)
Error[122]   H:\LRT6\LRT6_15\IFI_UTILITIES.H 78 : Illegal opcode (PacketNum_Check)
Error[122]   H:\LRT6\LRT6_15\IFI_UTILITIES.H 79 : Illegal opcode (Initialize_Serial_Comms)
Error[122]   H:\LRT6\LRT6_15\IFI_UTILITIES.H 80 : Illegal opcode (Set_Number_of_Analog_Channels)
Error[122]   H:\LRT6\LRT6_15\IFI_UTILITIES.H 81 : Illegal opcode (int)
Error[125]   H:\LRT6\LRT6_15\IFI_UTILITIES.H 83 : Illegal condition (ENDIF)
Error[108]   H:\LRT6\LRT6_15\IFI_UTILITIES.H 86 : Illegal character (/)
Error[108]   H:\LRT6\LRT6_15\IFI_UTILITIES.H 87 : Illegal character (/)
Error[108]   H:\LRT6\LRT6_15\IFI_UTILITIES.H 88 : Illegal character (/)
Error[108]   H:\LRT6\LRT6_15\UTILITIES.H 1 : Illegal character (/)
Error[108]   H:\LRT6\LRT6_15\UTILITIES.H 2 : Illegal character (*)
Error[108]   H:\LRT6\LRT6_15\UTILITIES.H 4 : Illegal character (*)
Error[108]   H:\LRT6\LRT6_15\UTILITIES.H 5 : Illegal character (*)
Error[108]   H:\LRT6\LRT6_15\UTILITIES.H 6 : Illegal character (*)
Error[108]   H:\LRT6\LRT6_15\UTILITIES.H 7 : Illegal character (*)
Error[108]   H:\LRT6\LRT6_15\UTILITIES.H 12 : Illegal character ({)
Error[108]   H:\LRT6\LRT6_15\UTILITIES.H 13 : Illegal character ({)
Error[108]   H:\LRT6\LRT6_15\UTILITIES.H 23 : Illegal character (/)
Error[122]   H:\LRT6\LRT6_15\UTILITIES.H 28 : Illegal opcode (testArea)
Error[108]   H:\LRT6\LRT6_15\UTILITIES.H 30 : Illegal character (/)
Error[113]   H:\LRT6\LRT6_15\UTILITIES.H 38 : Symbol not previously defined (number)
Error[128]   H:\LRT6\LRT6_15\UTILITIES.H 38 : Missing argument(s)
Error[122]   H:\LRT6\LRT6_15\UTILITIES.H 51 : Illegal opcode (struct)
Error[150]   H:\LRT6\LRT6_15\UTILITIES.H 53 : Labels must be defined in a code or data section when making an object file
Warning[207] H:\LRT6\LRT6_15\UTILITIES.H 54 : Found label after column 1. (union)
Error[108]   H:\LRT6\LRT6_15\UTILITIES.H 54 : Illegal character ({)
Warning[207] H:\LRT6\LRT6_15\UTILITIES.H 55 : Found label after column 1. (unsigned)
Error[122]   H:\LRT6\LRT6_15\UTILITIES.H 55 : Illegal opcode (long)
Warning[207] H:\LRT6\LRT6_15\UTILITIES.H 56 : Found label after column 1. (struct)
Error[108]   H:\LRT6\LRT6_15\UTILITIES.H 56 : Illegal character ({)
Warning[207] H:\LRT6\LRT6_15\UTILITIES.H 57 : Found label after column 1. (unsigned)
Error[122]   H:\LRT6\LRT6_15\UTILITIES.H 57 : Illegal opcode (int)
Warning[207] H:\LRT6\LRT6_15\UTILITIES.H 58 : Found label after column 1. (unsigned)
Error[122]   H:\LRT6\LRT6_15\UTILITIES.H 58 : Illegal opcode (int)
Error[108]   H:\LRT6\LRT6_15\UTILITIES.H 59 : Illegal character (})
Error[108]   H:\LRT6\LRT6_15\UTILITIES.H 60 : Illegal character (})
Error[122]   H:\LRT6\LRT6_15\UTILITIES.H 63 : Illegal opcode (struct)
Warning[207] H:\LRT6\LRT6_15\UTILITIES.H 64 : Found label after column 1. (timestamp)
Error[122]   H:\LRT6\LRT6_15\UTILITIES.H 64 : Illegal opcode (t0)
Warning[207] H:\LRT6\LRT6_15\UTILITIES.H 65 : Found label after column 1. (timestamp)
Error[122]   H:\LRT6\LRT6_15\UTILITIES.H 65 : Illegal opcode (t1)
Warning[207] H:\LRT6\LRT6_15\UTILITIES.H 67 : Found label after column 1. (unsigned)
Error[122]   H:\LRT6\LRT6_15\UTILITIES.H 67 : Illegal opcode (newdata)
Error[108]   H:\LRT6\LRT6_15\UTILITIES.H 69 : Illegal character (/)
Error[108]   H:\LRT6\LRT6_15\UTILITIES.H 70 : Illegal character (/)
Error[108]   H:\LRT6\LRT6_15\UTILITIES.H 71 : Illegal character (})
Warning[205] H:\LRT6\LRT6_15\UTILITIES.H 73 : Found directive in column 1. (extern)
Error[121]   H:\LRT6\LRT6_15\UTILITIES.H 73 : Illegal label (volatile wheelSensor shooterLeft)
Warning[205] H:\LRT6\LRT6_15\UTILITIES.H 74 : Found directive in column 1. (extern)
Error[121]   H:\LRT6\LRT6_15\UTILITIES.H 74 : Illegal label (volatile wheelSensor shooterRigh)
Error[108]   H:\LRT6\LRT6_15\UTILITIES.H 77 : Illegal character (/)
Error[122]   H:\LRT6\LRT6_15\UTILITIES.H 78 : Illegal opcode (struct)
Warning[207] H:\LRT6\LRT6_15\UTILITIES.H 79 : Found label after column 1. (volatile)
Error[122]   H:\LRT6\LRT6_15\UTILITIES.H 79 : Illegal opcode (short)
Warning[207] H:\LRT6\LRT6_15\UTILITIES.H 80 : Found label after column 1. (short)
Error[122]   H:\LRT6\LRT6_15\UTILITIES.H 80 : Illegal opcode (long)
Warning[207] H:\LRT6\LRT6_15\UTILITIES.H 81 : Found label after column 1. (short)
Error[122]   H:\LRT6\LRT6_15\UTILITIES.H 81 : Illegal opcode (long)
Warning[207] H:\LRT6\LRT6_15\UTILITIES.H 82 : Found label after column 1. (short)
Error[122]   H:\LRT6\LRT6_15\UTILITIES.H 82 : Illegal opcode (long)
Warning[207] H:\LRT6\LRT6_15\UTILITIES.H 83 : Found label after column 1. (int)
Error[122]   H:\LRT6\LRT6_15\UTILITIES.H 83 : Illegal opcode (velocity)
Warning[207] H:\LRT6\LRT6_15\UTILITIES.H 84 : Found label after column 1. (int)
Error[122]   H:\LRT6\LRT6_15\UTILITIES.H 84 : Illegal opcode (oldVelocity)
Warning[207] H:\LRT6\LRT6_15\UTILITIES.H 86 : Found label after column 1. (char)
Error[122]   H:\LRT6\LRT6_15\UTILITIES.H 86 : Illegal opcode (direction)
Error[108]   H:\LRT6\LRT6_15\UTILITIES.H 87 : Illegal character (/)
Warning[207] H:\LRT6\LRT6_15\UTILITIES.H 89 : Found label after column 1. (timestamp)
Error[122]   H:\LRT6\LRT6_15\UTILITIES.H 89 : Illegal opcode (t0)
Warning[207] H:\LRT6\LRT6_15\UTILITIES.H 90 : Found label after column 1. (timestamp)
Error[122]   H:\LRT6\LRT6_15\UTILITIES.H 90 : Illegal opcode (t1)
Warning[207] H:\LRT6\LRT6_15\UTILITIES.H 91 : Found label after column 1. (timestamp)
Error[122]   H:\LRT6\LRT6_15\UTILITIES.H 91 : Illegal opcode (t2)
Warning[207] H:\LRT6\LRT6_15\UTILITIES.H 93 : Found label after column 1. (timestamp)
Error[122]   H:\LRT6\LRT6_15\UTILITIES.H 93 : Illegal opcode (d0)
Error[108]   H:\LRT6\LRT6_15\UTILITIES.H 94 : Illegal character (/)
Error[108]   H:\LRT6\LRT6_15\UTILITIES.H 95 : Illegal character (})
Warning[205] H:\LRT6\LRT6_15\UTILITIES.H 97 : Found directive in column 1. (extern)
Error[121]   H:\LRT6\LRT6_15\UTILITIES.H 97 : Illegal label (encoder EncoderRight)
Error[108]   H:\LRT6\LRT6_15\UTILITIES.H 98 : Illegal character (/)
Error[108]   H:\LRT6\LRT6_15\UTILITIES.H 100 : Illegal character (/)
Warning[205] H:\LRT6\LRT6_15\UTILITIES.H 101 : Found directive in column 1. (extern)
Error[121]   H:\LRT6\LRT6_15\UTILITIES.H 101 : Illegal label (volatile unsigned int Timer_High)
Error[122]   H:\LRT6\LRT6_15\UTILITIES.H 104 : Illegal opcode (Clock)
Warning[207] H:\LRT6\LRT6_15\UTILITIES.H 105 : Found label after column 1. (unsigned)
Error[122]   H:\LRT6\LRT6_15\UTILITIES.H 105 : Illegal opcode (int)
Warning[207] H:\LRT6\LRT6_15\UTILITIES.H 106 : Found label after column 1. (unsigned)
Error[122]   H:\LRT6\LRT6_15\UTILITIES.H 106 : Illegal opcode (char)
Warning[207] H:\LRT6\LRT6_15\UTILITIES.H 107 : Found label after column 1. (unsigned)
Error[122]   H:\LRT6\LRT6_15\UTILITIES.H 107 : Illegal opcode (int)
Error[108]   H:\LRT6\LRT6_15\UTILITIES.H 108 : Illegal character (})
Error[108]   H:\LRT6\LRT6_15\UTILITIES.H 110 : Illegal character (/)
Error[122]   H:\LRT6\LRT6_15\UTILITIES.H 111 : Illegal opcode (struct)
Warning[207] H:\LRT6\LRT6_15\UTILITIES.H 112 : Found label after column 1. (unsigned)
Error[122]   H:\LRT6\LRT6_15\UTILITIES.H 112 : Illegal opcode (int)
Warning[207] H:\LRT6\LRT6_15\UTILITIES.H 113 : Found label after column 1. (unsigned)
Error[122]   H:\LRT6\LRT6_15\UTILITIES.H 113 : Illegal opcode (char)
Warning[207] H:\LRT6\LRT6_15\UTILITIES.H 114 : Found label after column 1. (unsigned)
Error[122]   H:\LRT6\LRT6_15\UTILITIES.H 114 : Illegal opcode (char)
Warning[207] H:\LRT6\LRT6_15\UTILITIES.H 115 : Found label after column 1. (unsigned)
Error[122]   H:\LRT6\LRT6_15\UTILITIES.H 115 : Illegal opcode (onSecond)
Error[108]   H:\LRT6\LRT6_15\UTILITIES.H 116 : Illegal character (})
Warning[205] H:\LRT6\LRT6_15\UTILITIES.H 117 : Found directive in column 1. (extern)
Error[121]   H:\LRT6\LRT6_15\UTILITIES.H 117 : Illegal label (SlowLoopTiming gLoop)
Error[122]   H:\LRT6\LRT6_15\UTILITIES.H 120 : Illegal opcode (LimitRange)
Error[122]   H:\LRT6\LRT6_15\UTILITIES.H 121 : Illegal opcode (isWithinRange)
Error[122]   H:\LRT6\LRT6_15\UTILITIES.H 123 : Illegal opcode (char)
Error[122]   H:\LRT6\LRT6_15\UTILITIES.H 124 : Illegal opcode (addDeadband)
Error[108]   H:\LRT6\LRT6_15\UTILITIES.H 125 : Illegal character (/)
Error[122]   H:\LRT6\LRT6_15\UTILITIES.H 126 : Illegal opcode (calibrateInput)
Error[122]   H:\LRT6\LRT6_15\UTILITIES.H 127 : Illegal opcode (RemoveAllPWMDeadbands)
Error[122]   H:\LRT6\LRT6_15\UTILITIES.H 128 : Illegal opcode (AllStop)
Error[122]   H:\LRT6\LRT6_15\UTILITIES.H 130 : Illegal opcode (UpdateTimers)
Error[122]   H:\LRT6\LRT6_15\UTILITIES.H 132 : Illegal opcode (PrintTime)
Error[122]   H:\LRT6\LRT6_15\UTILITIES.H 133 : Illegal opcode (PrintPWMs)
Error[108]   H:\LRT6\LRT6_15\UTILITIES.H 137 : Illegal character (/)
Warning[211] H:\LRT6\LRT6_15\UTILITIES.H 142 : Extraneous arguments on the line.
Error[108]   H:\LRT6\LRT6_15\CONTROLS.H 1 : Illegal character (/)
Error[108]   H:\LRT6\LRT6_15\CONTROLS.H 2 : Illegal character (*)
Error[108]   H:\LRT6\LRT6_15\CONTROLS.H 3 : Illegal character (*)
Error[108]   H:\LRT6\LRT6_15\CONTROLS.H 4 : Illegal character (*)
Error[108]   H:\LRT6\LRT6_15\CONTROLS.H 5 : Illegal character (*)
Error[108]   H:\LRT6\LRT6_15\CONTROLS.H 6 : Illegal character (*)
Error[108]   H:\LRT6\LRT6_15\CONTROLS.H 7 : Illegal character (*)
Error[122]   H:\LRT6\LRT6_15\CONTROLS.H 11 : Illegal opcode (controls)
Error[122]   H:\LRT6\LRT6_15\CONTROLS.H 12 : Illegal opcode (allStop)
Error[122]   H:\LRT6\LRT6_15\CONTROLS.H 13 : Illegal opcode (SetGearshiftRelays)
Error[122]   H:\LRT6\LRT6_15\CONTROLS.H 14 : Illegal opcode (readBallLauncherSpeed)
Error[122]   H:\LRT6\LRT6_15\CONTROLS.H 15 : Illegal opcode (ControlBallLauncherSpeed)
Error[122]   H:\LRT6\LRT6_15\CONTROLS.H 16 : Illegal opcode (ControlLaunchWheelSpeed)
Error[122]   H:\LRT6\LRT6_15\CONTROLS.H 18 : Illegal opcode (threeWaySwitch)
Error[108]   H:\LRT6\LRT6_15\CONTROLS.H 25 : Illegal character ({)
Warning[205] H:\LRT6\LRT6_15\CONTROLS.H 26 : Found directive in column 1. (extern)
Error[121]   H:\LRT6\LRT6_15\CONTROLS.H 26 : Illegal label (char gDriveGear)
Error[108]   H:\LRT6\LRT6_15\CONTROLS.H 28 : Illegal character ({)
Warning[205] H:\LRT6\LRT6_15\CONTROLS.H 29 : Found directive in column 1. (extern)
Error[121]   H:\LRT6\LRT6_15\CONTROLS.H 29 : Illegal label (char gBallLauncherSpeed)
Error[108]   H:\LRT6\LRT6_15\CONTROLS.H 32 : Illegal character ({)
Error[122]   H:\LRT6\LRT6_15\CONTROLS.H 33 : Illegal opcode (struct)
Warning[207] H:\LRT6\LRT6_15\CONTROLS.H 34 : Found label after column 1. (char)
Error[122]   H:\LRT6\LRT6_15\CONTROLS.H 34 : Illegal opcode (rear)
Warning[207] H:\LRT6\LRT6_15\CONTROLS.H 35 : Found label after column 1. (char)
Error[122]   H:\LRT6\LRT6_15\CONTROLS.H 35 : Illegal opcode (front)
Warning[207] H:\LRT6\LRT6_15\CONTROLS.H 36 : Found label after column 1. (char)
Error[122]   H:\LRT6\LRT6_15\CONTROLS.H 36 : Illegal opcode (launch)
Warning[207] H:\LRT6\LRT6_15\CONTROLS.H 37 : Found label after column 1. (char)
Error[122]   H:\LRT6\LRT6_15\CONTROLS.H 37 : Illegal opcode (current)
Warning[207] H:\LRT6\LRT6_15\CONTROLS.H 38 : Found label after column 1. (unsigned)
Error[122]   H:\LRT6\LRT6_15\CONTROLS.H 38 : Illegal opcode (char)
Error[108]   H:\LRT6\LRT6_15\CONTROLS.H 39 : Illegal character (})
Warning[205] H:\LRT6\LRT6_15\CONTROLS.H 41 : Found directive in column 1. (extern)
Error[121]   H:\LRT6\LRT6_15\CONTROLS.H 41 : Illegal label (lift gLift)
Error[122]   H:\LRT6\LRT6_15\CONTROLS.H 43 : Illegal opcode (struct)
Warning[207] H:\LRT6\LRT6_15\CONTROLS.H 44 : Found label after column 1. (int)
Error[122]   H:\LRT6\LRT6_15\CONTROLS.H 44 : Illegal opcode (left)
Warning[207] H:\LRT6\LRT6_15\CONTROLS.H 45 : Found label after column 1. (int)
Error[122]   H:\LRT6\LRT6_15\CONTROLS.H 45 : Illegal opcode (right)
Warning[207] H:\LRT6\LRT6_15\CONTROLS.H 46 : Found label after column 1. (int)
Error[122]   H:\LRT6\LRT6_15\CONTROLS.H 46 : Illegal opcode (turn)
Warning[207] H:\LRT6\LRT6_15\CONTROLS.H 47 : Found label after column 1. (int)
Error[122]   H:\LRT6\LRT6_15\CONTROLS.H 47 : Illegal opcode (fwd)
Error[108]   H:\LRT6\LRT6_15\CONTROLS.H 48 : Illegal character (})
Warning[205] H:\LRT6\LRT6_15\CONTROLS.H 50 : Found directive in column 1. (extern)
Error[121]   H:\LRT6\LRT6_15\CONTROLS.H 50 : Illegal label (drive gDrive)
Error[122]   H:\LRT6\LRT6_15\CONTROLS.H 53 : Illegal opcode (struct)
Warning[207] H:\LRT6\LRT6_15\CONTROLS.H 54 : Found label after column 1. (char)
Error[122]   H:\LRT6\LRT6_15\CONTROLS.H 54 : Illegal opcode (PassedRear2)
Warning[207] H:\LRT6\LRT6_15\CONTROLS.H 55 : Found label after column 1. (char)
Error[122]   H:\LRT6\LRT6_15\CONTROLS.H 55 : Illegal opcode (PassedRear1)
Warning[207] H:\LRT6\LRT6_15\CONTROLS.H 56 : Found label after column 1. (char)
Error[122]   H:\LRT6\LRT6_15\CONTROLS.H 56 : Illegal opcode (PassedFront1)
Warning[207] H:\LRT6\LRT6_15\CONTROLS.H 57 : Found label after column 1. (char)
Error[122]   H:\LRT6\LRT6_15\CONTROLS.H 57 : Illegal opcode (PassedLaunch)
Error[108]   H:\LRT6\LRT6_15\CONTROLS.H 58 : Illegal character (})
Warning[205] H:\LRT6\LRT6_15\CONTROLS.H 60 : Found directive in column 1. (extern)
Error[121]   H:\LRT6\LRT6_15\CONTROLS.H 60 : Illegal label (sensors gSensors)
Error[122]   H:\LRT6\LRT6_15\CONTROLS.H 62 : Illegal opcode (updateSensors)
Error[122]   H:\LRT6\LRT6_15\CONTROLS.H 63 : Illegal opcode (controls)
Error[122]   H:\LRT6\LRT6_15\CONTROLS.H 64 : Illegal opcode (ballLaunchOrQueue)
Error[122]   H:\LRT6\LRT6_15\CONTROLS.H 65 : Illegal opcode (doLifts)
Error[108]   H:\LRT6\LRT6_15\CONTROLS.H 66 : Illegal character (/)
Error[108]   H:\LRT6\LRT6_15\CONTROLS.H 67 : Illegal character (/)
Error[108]   H:\LRT6\LRT6_15\CONTROLS.H 68 : Illegal character (/)
Error[108]   H:\LRT6\LRT6_15\CONTROLS.H 69 : Illegal character (/)
Error[108]   H:\LRT6\LRT6_15\CONTROLS.H 70 : Illegal character (/)
Error[108]   H:\LRT6\LRT6_15\CONTROLS.H 71 : Illegal character (/)
Error[108]   H:\LRT6\LRT6_15\CONTROLS.H 72 : Illegal character (/)
Error[108]   H:\LRT6\LRT6_15\CONTROLS.H 73 : Illegal character (/)
Error[108]   H:\LRT6\LRT6_15\CONTROLS.H 74 : Illegal character (/)
Error[108]   H:\LRT6\LRT6_15\CONTROLS.H 75 : Illegal character (/)
Warning[211] H:\LRT6\LRT6_15\CONTROLS.H 77 : Extraneous arguments on the line.
Error[105]   H:\LRT6\LRT6_15\WHEELSENSORS.C 6 : Cannot open file (Include File "stdio.h" not found)
Error[108]   H:\LRT6\LRT6_15\WHEELSENSORS.C 11 : Illegal character ({)
Error[108]   H:\LRT6\LRT6_15\WHEELSENSORS.C 13 : Illegal character (/)
Error[108]   H:\LRT6\LRT6_15\WHEELSENSORS.C 15 : Illegal character (/)
Error[108]   H:\LRT6\LRT6_15\WHEELSENSORS.C 16 : Illegal character (/)
Error[108]   H:\LRT6\LRT6_15\WHEELSENSORS.C 17 : Illegal character (/)
Error[108]   H:\LRT6\LRT6_15\WHEELSENSORS.C 18 : Illegal character (/)
Error[108]   H:\LRT6\LRT6_15\WHEELSENSORS.C 19 : Illegal character (/)
Error[108]   H:\LRT6\LRT6_15\WHEELSENSORS.C 20 : Illegal character (/)
Error[108]   H:\LRT6\LRT6_15\WHEELSENSORS.C 21 : Illegal character (/)
Error[108]   H:\LRT6\LRT6_15\WHEELSENSORS.C 22 : Illegal character (/)
Error[108]   H:\LRT6\LRT6_15\WHEELSENSORS.C 23 : Illegal character (/)
Error[108]   H:\LRT6\LRT6_15\WHEELSENSORS.C 26 : Illegal character (/)
Error[108]   H:\LRT6\LRT6_15\WHEELSENSORS.C 27 : Illegal character (/)
Error[128]   H:\LRT6\LRT6_15\WHEELSENSORS.C 34 : Missing argument(s)
Error[108]   H:\LRT6\LRT6_15\WHEELSENSORS.C 36 : Illegal character (/)
Error[122]   H:\LRT6\LRT6_15\WHEELSENSORS.C 37 : Illegal opcode (long)
Error[108]   H:\LRT6\LRT6_15\WHEELSENSORS.C 38 : Illegal character ({)
Warning[207] H:\LRT6\LRT6_15\WHEELSENSORS.C 39 : Found label after column 1. (timestamp)
Error[122]   H:\LRT6\LRT6_15\WHEELSENSORS.C 39 : Illegal opcode (now)
Warning[207] H:\LRT6\LRT6_15\WHEELSENSORS.C 40 : Found label after column 1. (unsigned)
Error[122]   H:\LRT6\LRT6_15\WHEELSENSORS.C 40 : Illegal opcode (long)
Warning[207] H:\LRT6\LRT6_15\WHEELSENSORS.C 41 : Found label after column 1. (unsigned)
Error[122]   H:\LRT6\LRT6_15\WHEELSENSORS.C 41 : Illegal opcode (long)
Error[108]   H:\LRT6\LRT6_15\WHEELSENSORS.C 43 : Illegal character (/)
Error[108]   H:\LRT6\LRT6_15\WHEELSENSORS.C 44 : Illegal character (/)
Error[113]   H:\LRT6\LRT6_15\WHEELSENSORS.C 45 : Symbol not previously defined (shooterLeft.newdata)
Error[108]   H:\LRT6\LRT6_15\WHEELSENSORS.C 48 : Illegal character ({)
Error[108]   H:\LRT6\LRT6_15\WHEELSENSORS.C 49 : Illegal character (/)
Error[108]   H:\LRT6\LRT6_15\WHEELSENSORS.C 50 : Illegal character (()
Error[108]   H:\LRT6\LRT6_15\WHEELSENSORS.C 51 : Illegal character (()
Warning[207] H:\LRT6\LRT6_15\WHEELSENSORS.C 52 : Found label after column 1. (now.tsH)
Error[113]   H:\LRT6\LRT6_15\WHEELSENSORS.C 52 : Symbol not previously defined (Timer_High_Count)
Warning[207] H:\LRT6\LRT6_15\WHEELSENSORS.C 54 : Found label after column 1. (dNow)
Error[113]   H:\LRT6\LRT6_15\WHEELSENSORS.C 54 : Symbol not previously defined (now.ts)
Error[113]   H:\LRT6\LRT6_15\WHEELSENSORS.C 54 : Symbol not previously defined (shooterLeft.t0.ts)
Error[113]   H:\LRT6\LRT6_15\WHEELSENSORS.C 55 : Symbol not previously defined (d0)
